{"/Users/josecosta/dev/swarm-cli/src/modules/Adapters/useCases/claude.ts": {"path":"/Users/josecosta/dev/swarm-cli/src/modules/Adapters/useCases/claude.ts","statementMap":{"0":{"start":{"line":6,"column":23},"end":{"line":6,"column":null}},"1":{"start":{"line":16,"column":17},"end":{"line":16,"column":19}},"2":{"start":{"line":17,"column":4},"end":{"line":17,"column":null}},"3":{"start":{"line":17,"column":14},"end":{"line":17,"column":null}},"4":{"start":{"line":20,"column":4},"end":{"line":20,"column":null}}},"fnMap":{"0":{"name":"build_args","decl":{"start":{"line":15,"column":16},"end":{"line":15,"column":27}},"loc":{"start":{"line":15,"column":107},"end":{"line":20,"column":null}},"line":15}},"branchMap":{"0":{"loc":{"start":{"line":15,"column":41},"end":{"line":15,"column":65}},"type":"default-arg","locations":[{"start":{"line":15,"column":63},"end":{"line":15,"column":65}}],"line":15},"1":{"loc":{"start":{"line":15,"column":67},"end":{"line":15,"column":105}},"type":"default-arg","locations":[{"start":{"line":15,"column":103},"end":{"line":15,"column":105}}],"line":15},"2":{"loc":{"start":{"line":17,"column":4},"end":{"line":17,"column":null}},"type":"if","locations":[{"start":{"line":17,"column":4},"end":{"line":17,"column":null}},{"start":{},"end":{}}],"line":17}},"s":{"0":2,"1":3,"2":3,"3":3,"4":3},"f":{"0":3},"b":{"0":[3],"1":[3],"2":[3,0]},"meta":{"lastBranch":3,"lastFunction":1,"lastStatement":5,"seen":{"s:6:23:6:Infinity":0,"f:15:16:15:27":0,"b:15:63:15:65":0,"b:15:103:15:105":1,"s:16:17:16:19":1,"b:17:4:17:Infinity:undefined:undefined:undefined:undefined":2,"s:17:4:17:Infinity":2,"s:17:14:17:Infinity":3,"s:20:4:20:Infinity":4}}}
,"/Users/josecosta/dev/swarm-cli/src/modules/Adapters/useCases/codex.ts": {"path":"/Users/josecosta/dev/swarm-cli/src/modules/Adapters/useCases/codex.ts","statementMap":{"0":{"start":{"line":6,"column":23},"end":{"line":6,"column":null}},"1":{"start":{"line":25,"column":17},"end":{"line":25,"column":32}},"2":{"start":{"line":26,"column":4},"end":{"line":26,"column":null}}},"fnMap":{"0":{"name":"build_args","decl":{"start":{"line":15,"column":16},"end":{"line":15,"column":27}},"loc":{"start":{"line":15,"column":107},"end":{"line":26,"column":null}},"line":15}},"branchMap":{"0":{"loc":{"start":{"line":15,"column":41},"end":{"line":15,"column":65}},"type":"default-arg","locations":[{"start":{"line":15,"column":63},"end":{"line":15,"column":65}}],"line":15},"1":{"loc":{"start":{"line":15,"column":67},"end":{"line":15,"column":105}},"type":"default-arg","locations":[{"start":{"line":15,"column":103},"end":{"line":15,"column":105}}],"line":15}},"s":{"0":2,"1":3,"2":3},"f":{"0":3},"b":{"0":[3],"1":[3]},"meta":{"lastBranch":2,"lastFunction":1,"lastStatement":3,"seen":{"s:6:23:6:Infinity":0,"f:15:16:15:27":0,"b:15:63:15:65":0,"b:15:103:15:105":1,"s:25:17:25:32":1,"s:26:4:26:Infinity":2}}}
,"/Users/josecosta/dev/swarm-cli/src/modules/Adapters/useCases/droid.ts": {"path":"/Users/josecosta/dev/swarm-cli/src/modules/Adapters/useCases/droid.ts","statementMap":{"0":{"start":{"line":6,"column":23},"end":{"line":6,"column":null}},"1":{"start":{"line":18,"column":4},"end":{"line":18,"column":null}}},"fnMap":{"0":{"name":"build_args","decl":{"start":{"line":15,"column":16},"end":{"line":15,"column":27}},"loc":{"start":{"line":15,"column":107},"end":{"line":18,"column":null}},"line":15}},"branchMap":{"0":{"loc":{"start":{"line":15,"column":41},"end":{"line":15,"column":65}},"type":"default-arg","locations":[{"start":{"line":15,"column":63},"end":{"line":15,"column":65}}],"line":15},"1":{"loc":{"start":{"line":15,"column":67},"end":{"line":15,"column":105}},"type":"default-arg","locations":[{"start":{"line":15,"column":103},"end":{"line":15,"column":105}}],"line":15}},"s":{"0":2,"1":2},"f":{"0":2},"b":{"0":[2],"1":[2]},"meta":{"lastBranch":2,"lastFunction":1,"lastStatement":2,"seen":{"s:6:23:6:Infinity":0,"f:15:16:15:27":0,"b:15:63:15:65":0,"b:15:103:15:105":1,"s:18:4:18:Infinity":1}}}
,"/Users/josecosta/dev/swarm-cli/src/modules/Adapters/useCases/gemini.ts": {"path":"/Users/josecosta/dev/swarm-cli/src/modules/Adapters/useCases/gemini.ts","statementMap":{"0":{"start":{"line":6,"column":23},"end":{"line":6,"column":null}},"1":{"start":{"line":18,"column":4},"end":{"line":18,"column":null}}},"fnMap":{"0":{"name":"build_args","decl":{"start":{"line":15,"column":16},"end":{"line":15,"column":27}},"loc":{"start":{"line":15,"column":107},"end":{"line":18,"column":null}},"line":15}},"branchMap":{"0":{"loc":{"start":{"line":15,"column":41},"end":{"line":15,"column":65}},"type":"default-arg","locations":[{"start":{"line":15,"column":63},"end":{"line":15,"column":65}}],"line":15},"1":{"loc":{"start":{"line":15,"column":67},"end":{"line":15,"column":105}},"type":"default-arg","locations":[{"start":{"line":15,"column":103},"end":{"line":15,"column":105}}],"line":15}},"s":{"0":2,"1":3},"f":{"0":3},"b":{"0":[3],"1":[3]},"meta":{"lastBranch":2,"lastFunction":1,"lastStatement":2,"seen":{"s:6:23:6:Infinity":0,"f:15:16:15:27":0,"b:15:63:15:65":0,"b:15:103:15:105":1,"s:18:4:18:Infinity":1}}}
,"/Users/josecosta/dev/swarm-cli/src/modules/Adapters/useCases/kimi.ts": {"path":"/Users/josecosta/dev/swarm-cli/src/modules/Adapters/useCases/kimi.ts","statementMap":{"0":{"start":{"line":6,"column":23},"end":{"line":6,"column":null}},"1":{"start":{"line":19,"column":4},"end":{"line":19,"column":null}}},"fnMap":{"0":{"name":"build_args","decl":{"start":{"line":15,"column":16},"end":{"line":15,"column":27}},"loc":{"start":{"line":15,"column":107},"end":{"line":19,"column":null}},"line":15}},"branchMap":{"0":{"loc":{"start":{"line":15,"column":41},"end":{"line":15,"column":65}},"type":"default-arg","locations":[{"start":{"line":15,"column":63},"end":{"line":15,"column":65}}],"line":15},"1":{"loc":{"start":{"line":15,"column":67},"end":{"line":15,"column":105}},"type":"default-arg","locations":[{"start":{"line":15,"column":103},"end":{"line":15,"column":105}}],"line":15}},"s":{"0":2,"1":2},"f":{"0":2},"b":{"0":[2],"1":[2]},"meta":{"lastBranch":2,"lastFunction":1,"lastStatement":2,"seen":{"s:6:23:6:Infinity":0,"f:15:16:15:27":0,"b:15:63:15:65":0,"b:15:103:15:105":1,"s:19:4:19:Infinity":1}}}
,"/Users/josecosta/dev/swarm-cli/src/modules/Adapters/useCases/opencode.ts": {"path":"/Users/josecosta/dev/swarm-cli/src/modules/Adapters/useCases/opencode.ts","statementMap":{"0":{"start":{"line":6,"column":23},"end":{"line":6,"column":null}},"1":{"start":{"line":16,"column":4},"end":{"line":16,"column":null}}},"fnMap":{"0":{"name":"build_args","decl":{"start":{"line":15,"column":16},"end":{"line":15,"column":27}},"loc":{"start":{"line":15,"column":107},"end":{"line":16,"column":null}},"line":15}},"branchMap":{"0":{"loc":{"start":{"line":15,"column":41},"end":{"line":15,"column":65}},"type":"default-arg","locations":[{"start":{"line":15,"column":63},"end":{"line":15,"column":65}}],"line":15},"1":{"loc":{"start":{"line":15,"column":67},"end":{"line":15,"column":105}},"type":"default-arg","locations":[{"start":{"line":15,"column":103},"end":{"line":15,"column":105}}],"line":15}},"s":{"0":2,"1":2},"f":{"0":2},"b":{"0":[2],"1":[2]},"meta":{"lastBranch":2,"lastFunction":1,"lastStatement":2,"seen":{"s:6:23:6:Infinity":0,"f:15:16:15:27":0,"b:15:63:15:65":0,"b:15:103:15:105":1,"s:16:4:16:Infinity":1}}}
,"/Users/josecosta/dev/swarm-cli/src/modules/AgentState/services/telemetry.ts": {"path":"/Users/josecosta/dev/swarm-cli/src/modules/AgentState/services/telemetry.ts","statementMap":{"0":{"start":{"line":25,"column":10},"end":{"line":25,"column":53}},"1":{"start":{"line":26,"column":4},"end":{"line":27,"column":null}},"2":{"start":{"line":27,"column":8},"end":{"line":27,"column":null}},"3":{"start":{"line":29,"column":4},"end":{"line":29,"column":null}},"4":{"start":{"line":33,"column":4},"end":{"line":33,"column":null}},"5":{"start":{"line":35,"column":4},"end":{"line":58,"column":null}},"6":{"start":{"line":62,"column":19},"end":{"line":62,"column":40}},"7":{"start":{"line":63,"column":15},"end":{"line":63,"column":35}},"8":{"start":{"line":64,"column":4},"end":{"line":64,"column":null}},"9":{"start":{"line":65,"column":4},"end":{"line":65,"column":null}},"10":{"start":{"line":69,"column":15},"end":{"line":69,"column":31}},"11":{"start":{"line":70,"column":17},"end":{"line":76,"column":null}},"12":{"start":{"line":77,"column":4},"end":{"line":77,"column":null}},"13":{"start":{"line":78,"column":4},"end":{"line":78,"column":null}},"14":{"start":{"line":82,"column":15},"end":{"line":82,"column":31}},"15":{"start":{"line":83,"column":17},"end":{"line":86,"column":null}},"16":{"start":{"line":87,"column":4},"end":{"line":87,"column":null}},"17":{"start":{"line":88,"column":4},"end":{"line":88,"column":null}},"18":{"start":{"line":92,"column":15},"end":{"line":92,"column":31}},"19":{"start":{"line":93,"column":17},"end":{"line":98,"column":null}},"20":{"start":{"line":99,"column":17},"end":{"line":99,"column":32}},"21":{"start":{"line":100,"column":4},"end":{"line":100,"column":null}},"22":{"start":{"line":101,"column":4},"end":{"line":101,"column":null}},"23":{"start":{"line":105,"column":15},"end":{"line":105,"column":31}},"24":{"start":{"line":106,"column":4},"end":{"line":116,"column":null}},"25":{"start":{"line":107,"column":21},"end":{"line":113,"column":null}},"26":{"start":{"line":114,"column":21},"end":{"line":114,"column":47}},"27":{"start":{"line":115,"column":8},"end":{"line":115,"column":null}},"28":{"start":{"line":116,"column":8},"end":{"line":116,"column":null}},"29":{"start":{"line":118,"column":17},"end":{"line":123,"column":null}},"30":{"start":{"line":124,"column":17},"end":{"line":124,"column":32}},"31":{"start":{"line":125,"column":4},"end":{"line":125,"column":null}},"32":{"start":{"line":126,"column":4},"end":{"line":126,"column":null}},"33":{"start":{"line":130,"column":15},"end":{"line":130,"column":31}},"34":{"start":{"line":131,"column":19},"end":{"line":131,"column":91}},"35":{"start":{"line":132,"column":17},"end":{"line":132,"column":69}},"36":{"start":{"line":133,"column":19},"end":{"line":133,"column":35}},"37":{"start":{"line":134,"column":4},"end":{"line":134,"column":null}},"38":{"start":{"line":135,"column":4},"end":{"line":135,"column":null}},"39":{"start":{"line":139,"column":15},"end":{"line":139,"column":31}},"40":{"start":{"line":140,"column":19},"end":{"line":140,"column":91}},"41":{"start":{"line":141,"column":17},"end":{"line":141,"column":72}},"42":{"start":{"line":142,"column":19},"end":{"line":142,"column":35}},"43":{"start":{"line":143,"column":4},"end":{"line":143,"column":null}},"44":{"start":{"line":144,"column":4},"end":{"line":144,"column":null}}},"fnMap":{"0":{"name":"get_db_path","decl":{"start":{"line":24,"column":9},"end":{"line":24,"column":21}},"loc":{"start":{"line":24,"column":47},"end":{"line":29,"column":null}},"line":24},"1":{"name":"init_schema","decl":{"start":{"line":32,"column":9},"end":{"line":32,"column":21}},"loc":{"start":{"line":32,"column":50},"end":{"line":58,"column":null}},"line":32},"2":{"name":"get_db","decl":{"start":{"line":61,"column":9},"end":{"line":61,"column":16}},"loc":{"start":{"line":61,"column":53},"end":{"line":65,"column":null}},"line":61},"3":{"name":"record_session","decl":{"start":{"line":68,"column":16},"end":{"line":68,"column":31}},"loc":{"start":{"line":68,"column":79},"end":{"line":78,"column":null}},"line":68},"4":{"name":"record_event","decl":{"start":{"line":81,"column":16},"end":{"line":81,"column":29}},"loc":{"start":{"line":81,"column":73},"end":{"line":88,"column":null}},"line":81},"5":{"name":"query_sessions","decl":{"start":{"line":91,"column":16},"end":{"line":91,"column":31}},"loc":{"start":{"line":91,"column":78},"end":{"line":101,"column":null}},"line":91},"6":{"name":"query_events","decl":{"start":{"line":104,"column":16},"end":{"line":104,"column":29}},"loc":{"start":{"line":104,"column":94},"end":{"line":126,"column":null}},"line":104},"7":{"name":"prune_events","decl":{"start":{"line":129,"column":16},"end":{"line":129,"column":29}},"loc":{"start":{"line":129,"column":78},"end":{"line":135,"column":null}},"line":129},"8":{"name":"prune_sessions","decl":{"start":{"line":138,"column":16},"end":{"line":138,"column":31}},"loc":{"start":{"line":138,"column":80},"end":{"line":144,"column":null}},"line":138}},"branchMap":{"0":{"loc":{"start":{"line":26,"column":4},"end":{"line":27,"column":null}},"type":"if","locations":[{"start":{"line":26,"column":4},"end":{"line":27,"column":null}},{"start":{},"end":{}}],"line":26},"1":{"loc":{"start":{"line":91,"column":49},"end":{"line":91,"column":78}},"type":"default-arg","locations":[{"start":{"line":91,"column":57},"end":{"line":91,"column":78}}],"line":91},"2":{"loc":{"start":{"line":104,"column":67},"end":{"line":104,"column":94}},"type":"default-arg","locations":[{"start":{"line":104,"column":75},"end":{"line":104,"column":94}}],"line":104},"3":{"loc":{"start":{"line":106,"column":4},"end":{"line":116,"column":null}},"type":"if","locations":[{"start":{"line":106,"column":4},"end":{"line":116,"column":null}},{"start":{},"end":{}}],"line":106}},"s":{"0":22,"1":22,"2":6,"3":22,"4":22,"5":22,"6":22,"7":22,"8":22,"9":22,"10":8,"11":8,"12":8,"13":8,"14":4,"15":4,"16":4,"17":4,"18":4,"19":4,"20":4,"21":4,"22":4,"23":3,"24":3,"25":1,"26":1,"27":1,"28":1,"29":2,"30":2,"31":2,"32":2,"33":1,"34":1,"35":1,"36":1,"37":1,"38":1,"39":2,"40":2,"41":2,"42":2,"43":2,"44":2},"f":{"0":22,"1":22,"2":22,"3":8,"4":4,"5":4,"6":3,"7":1,"8":2},"b":{"0":[6,16],"1":[4],"2":[3],"3":[1,2]},"meta":{"lastBranch":4,"lastFunction":9,"lastStatement":45,"seen":{"f:24:9:24:21":0,"s:25:10:25:53":0,"b:26:4:27:Infinity:undefined:undefined:undefined:undefined":0,"s:26:4:27:Infinity":1,"s:27:8:27:Infinity":2,"s:29:4:29:Infinity":3,"f:32:9:32:21":1,"s:33:4:33:Infinity":4,"s:35:4:58:Infinity":5,"f:61:9:61:16":2,"s:62:19:62:40":6,"s:63:15:63:35":7,"s:64:4:64:Infinity":8,"s:65:4:65:Infinity":9,"f:68:16:68:31":3,"s:69:15:69:31":10,"s:70:17:76:Infinity":11,"s:77:4:77:Infinity":12,"s:78:4:78:Infinity":13,"f:81:16:81:29":4,"s:82:15:82:31":14,"s:83:17:86:Infinity":15,"s:87:4:87:Infinity":16,"s:88:4:88:Infinity":17,"f:91:16:91:31":5,"b:91:57:91:78":1,"s:92:15:92:31":18,"s:93:17:98:Infinity":19,"s:99:17:99:32":20,"s:100:4:100:Infinity":21,"s:101:4:101:Infinity":22,"f:104:16:104:29":6,"b:104:75:104:94":2,"s:105:15:105:31":23,"b:106:4:116:Infinity:undefined:undefined:undefined:undefined":3,"s:106:4:116:Infinity":24,"s:107:21:113:Infinity":25,"s:114:21:114:47":26,"s:115:8:115:Infinity":27,"s:116:8:116:Infinity":28,"s:118:17:123:Infinity":29,"s:124:17:124:32":30,"s:125:4:125:Infinity":31,"s:126:4:126:Infinity":32,"f:129:16:129:29":7,"s:130:15:130:31":33,"s:131:19:131:91":34,"s:132:17:132:69":35,"s:133:19:133:35":36,"s:134:4:134:Infinity":37,"s:135:4:135:Infinity":38,"f:138:16:138:31":8,"s:139:15:139:31":39,"s:140:19:140:91":40,"s:141:17:141:72":41,"s:142:19:142:35":42,"s:143:4:143:Infinity":43,"s:144:4:144:Infinity":44}}}
,"/Users/josecosta/dev/swarm-cli/src/modules/AgentState/useCases/locks.ts": {"path":"/Users/josecosta/dev/swarm-cli/src/modules/AgentState/useCases/locks.ts","statementMap":{"0":{"start":{"line":11,"column":23},"end":{"line":11,"column":null}},"1":{"start":{"line":14,"column":4},"end":{"line":14,"column":null}},"2":{"start":{"line":14,"column":45},"end":{"line":14,"column":null}},"3":{"start":{"line":15,"column":16},"end":{"line":15,"column":null}},"4":{"start":{"line":16,"column":4},"end":{"line":21,"column":null}},"5":{"start":{"line":26,"column":4},"end":{"line":26,"column":null}},"6":{"start":{"line":26,"column":69},"end":{"line":26,"column":null}},"7":{"start":{"line":27,"column":16},"end":{"line":27,"column":null}},"8":{"start":{"line":28,"column":4},"end":{"line":28,"column":null}},"9":{"start":{"line":28,"column":43},"end":{"line":28,"column":77}},"10":{"start":{"line":32,"column":4},"end":{"line":32,"column":null}},"11":{"start":{"line":36,"column":17},"end":{"line":36,"column":41}},"12":{"start":{"line":37,"column":4},"end":{"line":38,"column":null}},"13":{"start":{"line":38,"column":8},"end":{"line":38,"column":null}},"14":{"start":{"line":40,"column":4},"end":{"line":47,"column":null}},"15":{"start":{"line":41,"column":29},"end":{"line":41,"column":67}},"16":{"start":{"line":42,"column":8},"end":{"line":43,"column":null}},"17":{"start":{"line":43,"column":12},"end":{"line":43,"column":null}},"18":{"start":{"line":45,"column":8},"end":{"line":45,"column":null}},"19":{"start":{"line":47,"column":8},"end":{"line":47,"column":null}},"20":{"start":{"line":52,"column":17},"end":{"line":52,"column":41}},"21":{"start":{"line":53,"column":4},"end":{"line":53,"column":null}},"22":{"start":{"line":57,"column":4},"end":{"line":57,"column":null}},"23":{"start":{"line":61,"column":18},"end":{"line":61,"column":38}},"24":{"start":{"line":63,"column":4},"end":{"line":69,"column":null}},"25":{"start":{"line":64,"column":25},"end":{"line":64,"column":null}},"26":{"start":{"line":65,"column":8},"end":{"line":69,"column":null}},"27":{"start":{"line":66,"column":12},"end":{"line":69,"column":null}},"28":{"start":{"line":73,"column":16},"end":{"line":73,"column":26}},"29":{"start":{"line":74,"column":22},"end":{"line":74,"column":66}},"30":{"start":{"line":76,"column":4},"end":{"line":82,"column":null}},"31":{"start":{"line":77,"column":8},"end":{"line":82,"column":null}},"32":{"start":{"line":85,"column":4},"end":{"line":85,"column":null}},"33":{"start":{"line":86,"column":4},"end":{"line":86,"column":null}},"34":{"start":{"line":90,"column":18},"end":{"line":90,"column":38}},"35":{"start":{"line":91,"column":21},"end":{"line":91,"column":null}},"36":{"start":{"line":92,"column":4},"end":{"line":93,"column":null}},"37":{"start":{"line":93,"column":8},"end":{"line":93,"column":null}},"38":{"start":{"line":96,"column":42},"end":{"line":96,"column":null}},"39":{"start":{"line":97,"column":4},"end":{"line":97,"column":null}},"40":{"start":{"line":98,"column":4},"end":{"line":98,"column":null}},"41":{"start":{"line":99,"column":4},"end":{"line":99,"column":null}},"42":{"start":{"line":103,"column":18},"end":{"line":103,"column":38}},"43":{"start":{"line":104,"column":4},"end":{"line":104,"column":null}},"44":{"start":{"line":104,"column":67},"end":{"line":104,"column":106}}},"fnMap":{"0":{"name":"is_file_lock","decl":{"start":{"line":13,"column":9},"end":{"line":13,"column":22}},"loc":{"start":{"line":13,"column":57},"end":{"line":21,"column":null}},"line":13},"1":{"name":"is_locks_record","decl":{"start":{"line":25,"column":9},"end":{"line":25,"column":25}},"loc":{"start":{"line":25,"column":85},"end":{"line":28,"column":null}},"line":25},"2":{"name":"(anonymous_2)","decl":{"start":{"line":28,"column":30},"end":{"line":28,"column":37}},"loc":{"start":{"line":28,"column":43},"end":{"line":28,"column":77}},"line":28},"3":{"name":"get_locks_path","decl":{"start":{"line":31,"column":9},"end":{"line":31,"column":24}},"loc":{"start":{"line":31,"column":50},"end":{"line":32,"column":null}},"line":31},"4":{"name":"read_locks","decl":{"start":{"line":35,"column":9},"end":{"line":35,"column":20}},"loc":{"start":{"line":35,"column":73},"end":{"line":47,"column":null}},"line":35},"5":{"name":"write_locks","decl":{"start":{"line":51,"column":9},"end":{"line":51,"column":21}},"loc":{"start":{"line":51,"column":87},"end":{"line":53,"column":null}},"line":51},"6":{"name":"is_expired","decl":{"start":{"line":56,"column":9},"end":{"line":56,"column":20}},"loc":{"start":{"line":56,"column":45},"end":{"line":57,"column":null}},"line":56},"7":{"name":"claim_lock","decl":{"start":{"line":60,"column":16},"end":{"line":60,"column":27}},"loc":{"start":{"line":60,"column":120},"end":{"line":86,"column":null}},"line":60},"8":{"name":"release_lock","decl":{"start":{"line":89,"column":16},"end":{"line":89,"column":29}},"loc":{"start":{"line":89,"column":100},"end":{"line":99,"column":null}},"line":89},"9":{"name":"list_locks","decl":{"start":{"line":102,"column":16},"end":{"line":102,"column":27}},"loc":{"start":{"line":102,"column":57},"end":{"line":104,"column":null}},"line":102},"10":{"name":"(anonymous_10)","decl":{"start":{"line":104,"column":32},"end":{"line":104,"column":40}},"loc":{"start":{"line":104,"column":67},"end":{"line":104,"column":106}},"line":104}},"branchMap":{"0":{"loc":{"start":{"line":14,"column":4},"end":{"line":14,"column":null}},"type":"if","locations":[{"start":{"line":14,"column":4},"end":{"line":14,"column":null}},{"start":{},"end":{}}],"line":14},"1":{"loc":{"start":{"line":14,"column":8},"end":{"line":14,"column":45}},"type":"binary-expr","locations":[{"start":{"line":14,"column":8},"end":{"line":14,"column":18}},{"start":{"line":14,"column":18},"end":{"line":14,"column":45}}],"line":14},"2":{"loc":{"start":{"line":17,"column":8},"end":{"line":21,"column":null}},"type":"binary-expr","locations":[{"start":{"line":17,"column":8},"end":{"line":17,"column":null}},{"start":{"line":18,"column":8},"end":{"line":18,"column":32}},{"start":{"line":19,"column":8},"end":{"line":19,"column":62}},{"start":{"line":20,"column":8},"end":{"line":20,"column":null}},{"start":{"line":21,"column":8},"end":{"line":21,"column":null}}],"line":17},"3":{"loc":{"start":{"line":26,"column":4},"end":{"line":26,"column":null}},"type":"if","locations":[{"start":{"line":26,"column":4},"end":{"line":26,"column":null}},{"start":{},"end":{}}],"line":26},"4":{"loc":{"start":{"line":26,"column":8},"end":{"line":26,"column":67}},"type":"binary-expr","locations":[{"start":{"line":26,"column":8},"end":{"line":26,"column":18}},{"start":{"line":26,"column":18},"end":{"line":26,"column":47}},{"start":{"line":26,"column":47},"end":{"line":26,"column":67}}],"line":26},"5":{"loc":{"start":{"line":28,"column":43},"end":{"line":28,"column":77}},"type":"binary-expr","locations":[{"start":{"line":28,"column":43},"end":{"line":28,"column":62}},{"start":{"line":28,"column":62},"end":{"line":28,"column":77}}],"line":28},"6":{"loc":{"start":{"line":37,"column":4},"end":{"line":38,"column":null}},"type":"if","locations":[{"start":{"line":37,"column":4},"end":{"line":38,"column":null}},{"start":{},"end":{}}],"line":37},"7":{"loc":{"start":{"line":42,"column":8},"end":{"line":43,"column":null}},"type":"if","locations":[{"start":{"line":42,"column":8},"end":{"line":43,"column":null}},{"start":{},"end":{}}],"line":42},"8":{"loc":{"start":{"line":65,"column":8},"end":{"line":69,"column":null}},"type":"if","locations":[{"start":{"line":65,"column":8},"end":{"line":69,"column":null}},{"start":{},"end":{}}],"line":65},"9":{"loc":{"start":{"line":65,"column":12},"end":{"line":65,"column":98}},"type":"binary-expr","locations":[{"start":{"line":65,"column":12},"end":{"line":65,"column":38}},{"start":{"line":65,"column":38},"end":{"line":65,"column":59}},{"start":{"line":65,"column":63},"end":{"line":65,"column":98}}],"line":65},"10":{"loc":{"start":{"line":92,"column":4},"end":{"line":93,"column":null}},"type":"if","locations":[{"start":{"line":92,"column":4},"end":{"line":93,"column":null}},{"start":{},"end":{}}],"line":92},"11":{"loc":{"start":{"line":104,"column":67},"end":{"line":104,"column":106}},"type":"binary-expr","locations":[{"start":{"line":104,"column":67},"end":{"line":104,"column":89}},{"start":{"line":104,"column":89},"end":{"line":104,"column":106}}],"line":104}},"s":{"0":18,"1":5,"2":0,"3":5,"4":5,"5":5,"6":0,"7":5,"8":5,"9":5,"10":18,"11":11,"12":11,"13":6,"14":5,"15":5,"16":5,"17":5,"18":0,"19":0,"20":7,"21":7,"22":4,"23":7,"24":7,"25":8,"26":8,"27":1,"28":6,"29":6,"30":6,"31":7,"32":6,"33":6,"34":2,"35":2,"36":2,"37":1,"38":1,"39":1,"40":1,"41":1,"42":2,"43":2,"44":2},"f":{"0":5,"1":5,"2":5,"3":18,"4":11,"5":7,"6":4,"7":7,"8":2,"9":2,"10":2},"b":{"0":[0,5],"1":[5,5],"2":[5,5,5,5,5],"3":[0,5],"4":[5,5,5],"5":[5,5],"6":[6,5],"7":[5,0],"8":[1,7],"9":[8,2,2],"10":[1,1],"11":[2,2]},"meta":{"lastBranch":12,"lastFunction":11,"lastStatement":45,"seen":{"s:11:23:11:Infinity":0,"f:13:9:13:22":0,"b:14:4:14:Infinity:undefined:undefined:undefined:undefined":0,"s:14:4:14:Infinity":1,"b:14:8:14:18:14:18:14:45":1,"s:14:45:14:Infinity":2,"s:15:16:15:Infinity":3,"s:16:4:21:Infinity":4,"b:17:8:17:Infinity:18:8:18:32:19:8:19:62:20:8:20:Infinity:21:8:21:Infinity":2,"f:25:9:25:25":1,"b:26:4:26:Infinity:undefined:undefined:undefined:undefined":3,"s:26:4:26:Infinity":5,"b:26:8:26:18:26:18:26:47:26:47:26:67":4,"s:26:69:26:Infinity":6,"s:27:16:27:Infinity":7,"s:28:4:28:Infinity":8,"f:28:30:28:37":2,"s:28:43:28:77":9,"b:28:43:28:62:28:62:28:77":5,"f:31:9:31:24":3,"s:32:4:32:Infinity":10,"f:35:9:35:20":4,"s:36:17:36:41":11,"b:37:4:38:Infinity:undefined:undefined:undefined:undefined":6,"s:37:4:38:Infinity":12,"s:38:8:38:Infinity":13,"s:40:4:47:Infinity":14,"s:41:29:41:67":15,"b:42:8:43:Infinity:undefined:undefined:undefined:undefined":7,"s:42:8:43:Infinity":16,"s:43:12:43:Infinity":17,"s:45:8:45:Infinity":18,"s:47:8:47:Infinity":19,"f:51:9:51:21":5,"s:52:17:52:41":20,"s:53:4:53:Infinity":21,"f:56:9:56:20":6,"s:57:4:57:Infinity":22,"f:60:16:60:27":7,"s:61:18:61:38":23,"s:63:4:69:Infinity":24,"s:64:25:64:Infinity":25,"b:65:8:69:Infinity:undefined:undefined:undefined:undefined":8,"s:65:8:69:Infinity":26,"b:65:12:65:38:65:38:65:59:65:63:65:98":9,"s:66:12:69:Infinity":27,"s:73:16:73:26":28,"s:74:22:74:66":29,"s:76:4:82:Infinity":30,"s:77:8:82:Infinity":31,"s:85:4:85:Infinity":32,"s:86:4:86:Infinity":33,"f:89:16:89:29":8,"s:90:18:90:38":34,"s:91:21:91:Infinity":35,"b:92:4:93:Infinity:undefined:undefined:undefined:undefined":10,"s:92:4:93:Infinity":36,"s:93:8:93:Infinity":37,"s:96:42:96:Infinity":38,"s:97:4:97:Infinity":39,"s:98:4:98:Infinity":40,"s:99:4:99:Infinity":41,"f:102:16:102:27":9,"s:103:18:103:38":42,"s:104:4:104:Infinity":43,"f:104:32:104:40":10,"s:104:67:104:106":44,"b:104:67:104:89:104:89:104:106":11}}}
,"/Users/josecosta/dev/swarm-cli/src/modules/AgentState/useCases/state.ts": {"path":"/Users/josecosta/dev/swarm-cli/src/modules/AgentState/useCases/state.ts","statementMap":{"0":{"start":{"line":17,"column":4},"end":{"line":18,"column":null}},"1":{"start":{"line":18,"column":8},"end":{"line":18,"column":null}},"2":{"start":{"line":20,"column":16},"end":{"line":20,"column":null}},"3":{"start":{"line":21,"column":22},"end":{"line":21,"column":null}},"4":{"start":{"line":22,"column":4},"end":{"line":22,"column":null}},"5":{"start":{"line":22,"column":43},"end":{"line":22,"column":66}},"6":{"start":{"line":26,"column":4},"end":{"line":27,"column":null}},"7":{"start":{"line":27,"column":8},"end":{"line":27,"column":null}},"8":{"start":{"line":29,"column":47},"end":{"line":29,"column":49}},"9":{"start":{"line":30,"column":4},"end":{"line":32,"column":null}},"10":{"start":{"line":31,"column":8},"end":{"line":32,"column":null}},"11":{"start":{"line":32,"column":12},"end":{"line":32,"column":null}},"12":{"start":{"line":35,"column":4},"end":{"line":35,"column":null}},"13":{"start":{"line":42,"column":10},"end":{"line":42,"column":47}},"14":{"start":{"line":43,"column":4},"end":{"line":44,"column":null}},"15":{"start":{"line":44,"column":8},"end":{"line":44,"column":null}},"16":{"start":{"line":46,"column":4},"end":{"line":46,"column":null}},"17":{"start":{"line":54,"column":4},"end":{"line":55,"column":null}},"18":{"start":{"line":55,"column":8},"end":{"line":55,"column":null}},"19":{"start":{"line":57,"column":4},"end":{"line":61,"column":null}},"20":{"start":{"line":58,"column":23},"end":{"line":58,"column":66}},"21":{"start":{"line":59,"column":8},"end":{"line":59,"column":null}},"22":{"start":{"line":61,"column":8},"end":{"line":61,"column":null}},"23":{"start":{"line":69,"column":22},"end":{"line":69,"column":51}},"24":{"start":{"line":70,"column":4},"end":{"line":71,"column":null}},"25":{"start":{"line":71,"column":8},"end":{"line":71,"column":null}},"26":{"start":{"line":73,"column":4},"end":{"line":73,"column":null}},"27":{"start":{"line":74,"column":4},"end":{"line":77,"column":null}},"28":{"start":{"line":75,"column":8},"end":{"line":75,"column":null}},"29":{"start":{"line":77,"column":8},"end":{"line":77,"column":null}},"30":{"start":{"line":86,"column":22},"end":{"line":86,"column":51}},"31":{"start":{"line":87,"column":4},"end":{"line":87,"column":null}},"32":{"start":{"line":88,"column":4},"end":{"line":99,"column":null}},"33":{"start":{"line":89,"column":29},"end":{"line":89,"column":59}},"34":{"start":{"line":90,"column":8},"end":{"line":94,"column":null}},"35":{"start":{"line":95,"column":25},"end":{"line":95,"column":null}},"36":{"start":{"line":96,"column":8},"end":{"line":96,"column":null}},"37":{"start":{"line":97,"column":8},"end":{"line":97,"column":null}},"38":{"start":{"line":99,"column":8},"end":{"line":99,"column":null}},"39":{"start":{"line":107,"column":22},"end":{"line":107,"column":51}},"40":{"start":{"line":108,"column":4},"end":{"line":108,"column":null}},"41":{"start":{"line":109,"column":4},"end":{"line":119,"column":null}},"42":{"start":{"line":110,"column":29},"end":{"line":110,"column":59}},"43":{"start":{"line":111,"column":8},"end":{"line":116,"column":null}},"44":{"start":{"line":112,"column":50},"end":{"line":112,"column":null}},"45":{"start":{"line":113,"column":12},"end":{"line":113,"column":null}},"46":{"start":{"line":114,"column":29},"end":{"line":114,"column":null}},"47":{"start":{"line":115,"column":12},"end":{"line":115,"column":null}},"48":{"start":{"line":116,"column":12},"end":{"line":116,"column":null}},"49":{"start":{"line":119,"column":8},"end":{"line":119,"column":null}},"50":{"start":{"line":127,"column":4},"end":{"line":128,"column":null}},"51":{"start":{"line":128,"column":8},"end":{"line":128,"column":null}},"52":{"start":{"line":130,"column":4},"end":{"line":135,"column":null}},"53":{"start":{"line":132,"column":8},"end":{"line":132,"column":null}},"54":{"start":{"line":133,"column":8},"end":{"line":133,"column":null}},"55":{"start":{"line":135,"column":8},"end":{"line":135,"column":null}}},"fnMap":{"0":{"name":"is_agent_state","decl":{"start":{"line":16,"column":16},"end":{"line":16,"column":31}},"loc":{"start":{"line":16,"column":68},"end":{"line":22,"column":null}},"line":16},"1":{"name":"(anonymous_1)","decl":{"start":{"line":22,"column":28},"end":{"line":22,"column":35}},"loc":{"start":{"line":22,"column":43},"end":{"line":22,"column":66}},"line":22},"2":{"name":"validate_state","decl":{"start":{"line":25,"column":16},"end":{"line":25,"column":31}},"loc":{"start":{"line":25,"column":74},"end":{"line":35,"column":null}},"line":25},"3":{"name":"get_state_file_path","decl":{"start":{"line":41,"column":9},"end":{"line":41,"column":29}},"loc":{"start":{"line":41,"column":47},"end":{"line":46,"column":null}},"line":41},"4":{"name":"read_state_unlocked","decl":{"start":{"line":53,"column":9},"end":{"line":53,"column":29}},"loc":{"start":{"line":53,"column":88},"end":{"line":61,"column":null}},"line":53},"5":{"name":"read_state","decl":{"start":{"line":68,"column":16},"end":{"line":68,"column":27}},"loc":{"start":{"line":68,"column":85},"end":{"line":77,"column":null}},"line":68},"6":{"name":"write_state","decl":{"start":{"line":85,"column":16},"end":{"line":85,"column":28}},"loc":{"start":{"line":85,"column":78},"end":{"line":99,"column":null}},"line":85},"7":{"name":"remove_state","decl":{"start":{"line":106,"column":16},"end":{"line":106,"column":29}},"loc":{"start":{"line":106,"column":61},"end":{"line":119,"column":null}},"line":106},"8":{"name":"is_process_running","decl":{"start":{"line":126,"column":16},"end":{"line":126,"column":35}},"loc":{"start":{"line":126,"column":67},"end":{"line":135,"column":null}},"line":126}},"branchMap":{"0":{"loc":{"start":{"line":17,"column":4},"end":{"line":18,"column":null}},"type":"if","locations":[{"start":{"line":17,"column":4},"end":{"line":18,"column":null}},{"start":{},"end":{}}],"line":17},"1":{"loc":{"start":{"line":17,"column":8},"end":{"line":17,"column":53}},"type":"binary-expr","locations":[{"start":{"line":17,"column":8},"end":{"line":17,"column":37}},{"start":{"line":17,"column":37},"end":{"line":17,"column":53}}],"line":17},"2":{"loc":{"start":{"line":26,"column":4},"end":{"line":27,"column":null}},"type":"if","locations":[{"start":{"line":26,"column":4},"end":{"line":27,"column":null}},{"start":{},"end":{}}],"line":26},"3":{"loc":{"start":{"line":26,"column":8},"end":{"line":26,"column":51}},"type":"binary-expr","locations":[{"start":{"line":26,"column":8},"end":{"line":26,"column":36}},{"start":{"line":26,"column":36},"end":{"line":26,"column":51}}],"line":26},"4":{"loc":{"start":{"line":31,"column":8},"end":{"line":32,"column":null}},"type":"if","locations":[{"start":{"line":31,"column":8},"end":{"line":32,"column":null}},{"start":{},"end":{}}],"line":31},"5":{"loc":{"start":{"line":43,"column":4},"end":{"line":44,"column":null}},"type":"if","locations":[{"start":{"line":43,"column":4},"end":{"line":44,"column":null}},{"start":{},"end":{}}],"line":43},"6":{"loc":{"start":{"line":54,"column":4},"end":{"line":55,"column":null}},"type":"if","locations":[{"start":{"line":54,"column":4},"end":{"line":55,"column":null}},{"start":{},"end":{}}],"line":54},"7":{"loc":{"start":{"line":70,"column":4},"end":{"line":71,"column":null}},"type":"if","locations":[{"start":{"line":70,"column":4},"end":{"line":71,"column":null}},{"start":{},"end":{}}],"line":70},"8":{"loc":{"start":{"line":91,"column":16},"end":{"line":91,"column":40}},"type":"binary-expr","locations":[{"start":{"line":91,"column":16},"end":{"line":91,"column":38}},{"start":{"line":91,"column":38},"end":{"line":91,"column":40}}],"line":91},"9":{"loc":{"start":{"line":111,"column":8},"end":{"line":116,"column":null}},"type":"if","locations":[{"start":{"line":111,"column":8},"end":{"line":116,"column":null}},{"start":{},"end":{}}],"line":111},"10":{"loc":{"start":{"line":127,"column":4},"end":{"line":128,"column":null}},"type":"if","locations":[{"start":{"line":127,"column":4},"end":{"line":128,"column":null}},{"start":{},"end":{}}],"line":127}},"s":{"0":20,"1":3,"2":17,"3":17,"4":17,"5":43,"6":17,"7":3,"8":14,"9":14,"10":14,"11":13,"12":14,"13":14,"14":14,"15":1,"16":14,"17":13,"18":0,"19":13,"20":13,"21":13,"22":0,"23":5,"24":5,"25":1,"26":4,"27":4,"28":4,"29":4,"30":7,"31":7,"32":7,"33":7,"34":7,"35":7,"36":7,"37":7,"38":7,"39":2,"40":2,"41":2,"42":2,"43":2,"44":1,"45":1,"46":1,"47":1,"48":1,"49":2,"50":5,"51":3,"52":2,"53":2,"54":2,"55":1},"f":{"0":20,"1":43,"2":17,"3":14,"4":13,"5":5,"6":7,"7":2,"8":5},"b":{"0":[3,17],"1":[20,18],"2":[3,14],"3":[17,15],"4":[13,1],"5":[1,13],"6":[0,13],"7":[1,4],"8":[7,6],"9":[1,1],"10":[3,2]},"meta":{"lastBranch":11,"lastFunction":9,"lastStatement":56,"seen":{"f:16:16:16:31":0,"b:17:4:18:Infinity:undefined:undefined:undefined:undefined":0,"s:17:4:18:Infinity":0,"b:17:8:17:37:17:37:17:53":1,"s:18:8:18:Infinity":1,"s:20:16:20:Infinity":2,"s:21:22:21:Infinity":3,"s:22:4:22:Infinity":4,"f:22:28:22:35":1,"s:22:43:22:66":5,"f:25:16:25:31":2,"b:26:4:27:Infinity:undefined:undefined:undefined:undefined":2,"s:26:4:27:Infinity":6,"b:26:8:26:36:26:36:26:51":3,"s:27:8:27:Infinity":7,"s:29:47:29:49":8,"s:30:4:32:Infinity":9,"b:31:8:32:Infinity:undefined:undefined:undefined:undefined":4,"s:31:8:32:Infinity":10,"s:32:12:32:Infinity":11,"s:35:4:35:Infinity":12,"f:41:9:41:29":3,"s:42:10:42:47":13,"b:43:4:44:Infinity:undefined:undefined:undefined:undefined":5,"s:43:4:44:Infinity":14,"s:44:8:44:Infinity":15,"s:46:4:46:Infinity":16,"f:53:9:53:29":4,"b:54:4:55:Infinity:undefined:undefined:undefined:undefined":6,"s:54:4:55:Infinity":17,"s:55:8:55:Infinity":18,"s:57:4:61:Infinity":19,"s:58:23:58:66":20,"s:59:8:59:Infinity":21,"s:61:8:61:Infinity":22,"f:68:16:68:27":5,"s:69:22:69:51":23,"b:70:4:71:Infinity:undefined:undefined:undefined:undefined":7,"s:70:4:71:Infinity":24,"s:71:8:71:Infinity":25,"s:73:4:73:Infinity":26,"s:74:4:77:Infinity":27,"s:75:8:75:Infinity":28,"s:77:8:77:Infinity":29,"f:85:16:85:28":6,"s:86:22:86:51":30,"s:87:4:87:Infinity":31,"s:88:4:99:Infinity":32,"s:89:29:89:59":33,"s:90:8:94:Infinity":34,"b:91:16:91:38:91:38:91:40":8,"s:95:25:95:Infinity":35,"s:96:8:96:Infinity":36,"s:97:8:97:Infinity":37,"s:99:8:99:Infinity":38,"f:106:16:106:29":7,"s:107:22:107:51":39,"s:108:4:108:Infinity":40,"s:109:4:119:Infinity":41,"s:110:29:110:59":42,"b:111:8:116:Infinity:undefined:undefined:undefined:undefined":9,"s:111:8:116:Infinity":43,"s:112:50:112:Infinity":44,"s:113:12:113:Infinity":45,"s:114:29:114:Infinity":46,"s:115:12:115:Infinity":47,"s:116:12:116:Infinity":48,"s:119:8:119:Infinity":49,"f:126:16:126:35":8,"b:127:4:128:Infinity:undefined:undefined:undefined:undefined":10,"s:127:4:128:Infinity":50,"s:128:8:128:Infinity":51,"s:130:4:135:Infinity":52,"s:132:8:132:Infinity":53,"s:133:8:133:Infinity":54,"s:135:8:135:Infinity":55}}}
,"/Users/josecosta/dev/swarm-cli/src/modules/Commands/services/registry.ts": {"path":"/Users/josecosta/dev/swarm-cli/src/modules/Commands/services/registry.ts","statementMap":{"0":{"start":{"line":9,"column":17},"end":{"line":9,"column":46}},"1":{"start":{"line":12,"column":4},"end":{"line":13,"column":null}},"2":{"start":{"line":13,"column":8},"end":{"line":13,"column":null}},"3":{"start":{"line":15,"column":4},"end":{"line":15,"column":null}},"4":{"start":{"line":19,"column":4},"end":{"line":19,"column":null}},"5":{"start":{"line":23,"column":4},"end":{"line":27,"column":null}},"6":{"start":{"line":24,"column":9},"end":{"line":25,"column":null}},"7":{"start":{"line":25,"column":30},"end":{"line":25,"column":null}},"8":{"start":{"line":31,"column":4},"end":{"line":31,"column":null}}},"fnMap":{"0":{"name":"register_capability","decl":{"start":{"line":11,"column":16},"end":{"line":11,"column":36}},"loc":{"start":{"line":11,"column":66},"end":{"line":15,"column":null}},"line":11},"1":{"name":"get_capability","decl":{"start":{"line":18,"column":16},"end":{"line":18,"column":31}},"loc":{"start":{"line":18,"column":69},"end":{"line":19,"column":null}},"line":18},"2":{"name":"find_capabilities","decl":{"start":{"line":22,"column":16},"end":{"line":22,"column":34}},"loc":{"start":{"line":22,"column":77},"end":{"line":27,"column":null}},"line":22},"3":{"name":"(anonymous_3)","decl":{"start":{"line":23,"column":34},"end":{"line":23,"column":42}},"loc":{"start":{"line":24,"column":9},"end":{"line":25,"column":null}},"line":24},"4":{"name":"(anonymous_4)","decl":{"start":{"line":24,"column":67},"end":{"line":24,"column":null}},"loc":{"start":{"line":25,"column":30},"end":{"line":25,"column":null}},"line":25},"5":{"name":"list_capabilities","decl":{"start":{"line":30,"column":16},"end":{"line":30,"column":50}},"loc":{"start":{"line":30,"column":50},"end":{"line":31,"column":null}},"line":30}},"branchMap":{"0":{"loc":{"start":{"line":12,"column":4},"end":{"line":13,"column":null}},"type":"if","locations":[{"start":{"line":12,"column":4},"end":{"line":13,"column":null}},{"start":{},"end":{}}],"line":12},"1":{"loc":{"start":{"line":25,"column":30},"end":{"line":25,"column":null}},"type":"binary-expr","locations":[{"start":{"line":25,"column":30},"end":{"line":25,"column":53}},{"start":{"line":25,"column":53},"end":{"line":25,"column":null}}],"line":25}},"s":{"0":1,"1":7,"2":1,"3":6,"4":2,"5":2,"6":12,"7":12,"8":2},"f":{"0":7,"1":2,"2":2,"3":12,"4":12,"5":2},"b":{"0":[1,6],"1":[12,12]},"meta":{"lastBranch":2,"lastFunction":6,"lastStatement":9,"seen":{"s:9:17:9:46":0,"f:11:16:11:36":0,"b:12:4:13:Infinity:undefined:undefined:undefined:undefined":0,"s:12:4:13:Infinity":1,"s:13:8:13:Infinity":2,"s:15:4:15:Infinity":3,"f:18:16:18:31":1,"s:19:4:19:Infinity":4,"f:22:16:22:34":2,"s:23:4:27:Infinity":5,"f:23:34:23:42":3,"s:24:9:25:Infinity":6,"f:24:67:24:Infinity":4,"s:25:30:25:Infinity":7,"b:25:30:25:53:25:53:25:Infinity":1,"f:30:16:30:50":5,"s:31:4:31:Infinity":8}}}
,"/Users/josecosta/dev/swarm-cli/src/modules/Commands/useCases/arch.ts": {"path":"/Users/josecosta/dev/swarm-cli/src/modules/Commands/useCases/arch.ts","statementMap":{"0":{"start":{"line":9,"column":28},"end":{"line":9,"column":30}},"1":{"start":{"line":10,"column":4},"end":{"line":21,"column":null}},"2":{"start":{"line":11,"column":14},"end":{"line":11,"column":40}},"3":{"start":{"line":12,"column":8},"end":{"line":18,"column":null}},"4":{"start":{"line":13,"column":12},"end":{"line":13,"column":null}},"5":{"start":{"line":13,"column":82},"end":{"line":13,"column":null}},"6":{"start":{"line":14,"column":18},"end":{"line":14,"column":45}},"7":{"start":{"line":15,"column":12},"end":{"line":18,"column":null}},"8":{"start":{"line":16,"column":16},"end":{"line":16,"column":null}},"9":{"start":{"line":17,"column":23},"end":{"line":18,"column":null}},"10":{"start":{"line":18,"column":16},"end":{"line":18,"column":null}},"11":{"start":{"line":24,"column":4},"end":{"line":24,"column":null}},"12":{"start":{"line":29,"column":4},"end":{"line":33,"column":null}},"13":{"start":{"line":30,"column":8},"end":{"line":30,"column":null}},"14":{"start":{"line":32,"column":8},"end":{"line":32,"column":null}},"15":{"start":{"line":33,"column":8},"end":{"line":33,"column":null}},"16":{"start":{"line":36,"column":4},"end":{"line":36,"column":null}},"17":{"start":{"line":38,"column":10},"end":{"line":38,"column":40}},"18":{"start":{"line":39,"column":18},"end":{"line":39,"column":35}},"19":{"start":{"line":41,"column":21},"end":{"line":41,"column":null}},"20":{"start":{"line":43,"column":4},"end":{"line":70,"column":null}},"21":{"start":{"line":44,"column":14},"end":{"line":44,"column":50}},"22":{"start":{"line":45,"column":22},"end":{"line":45,"column":41}},"23":{"start":{"line":50,"column":22},"end":{"line":50,"column":null}},"24":{"start":{"line":52,"column":8},"end":{"line":70,"column":null}},"25":{"start":{"line":52,"column":21},"end":{"line":52,"column":24}},"26":{"start":{"line":53,"column":25},"end":{"line":53,"column":null}},"27":{"start":{"line":55,"column":32},"end":{"line":55,"column":57}},"28":{"start":{"line":57,"column":12},"end":{"line":70,"column":null}},"29":{"start":{"line":58,"column":37},"end":{"line":58,"column":null}},"30":{"start":{"line":59,"column":31},"end":{"line":59,"column":null}},"31":{"start":{"line":62,"column":16},"end":{"line":63,"column":null}},"32":{"start":{"line":63,"column":20},"end":{"line":63,"column":null}},"33":{"start":{"line":66,"column":16},"end":{"line":66,"column":null}},"34":{"start":{"line":67,"column":16},"end":{"line":67,"column":null}},"35":{"start":{"line":68,"column":16},"end":{"line":68,"column":null}},"36":{"start":{"line":69,"column":16},"end":{"line":69,"column":null}},"37":{"start":{"line":70,"column":16},"end":{"line":70,"column":null}},"38":{"start":{"line":75,"column":4},"end":{"line":79,"column":null}},"39":{"start":{"line":76,"column":8},"end":{"line":76,"column":null}},"40":{"start":{"line":78,"column":8},"end":{"line":78,"column":null}},"41":{"start":{"line":79,"column":8},"end":{"line":79,"column":null}},"42":{"start":{"line":81,"column":4},"end":{"line":81,"column":null}},"43":{"start":{"line":84,"column":0},"end":{"line":85,"column":null}},"44":{"start":{"line":85,"column":4},"end":{"line":85,"column":null}}},"fnMap":{"0":{"name":"findFiles","decl":{"start":{"line":8,"column":9},"end":{"line":8,"column":19}},"loc":{"start":{"line":8,"column":42},"end":{"line":24,"column":null}},"line":8},"1":{"name":"run","decl":{"start":{"line":27,"column":9},"end":{"line":27,"column":23}},"loc":{"start":{"line":27,"column":23},"end":{"line":81,"column":null}},"line":27}},"branchMap":{"0":{"loc":{"start":{"line":13,"column":12},"end":{"line":13,"column":null}},"type":"if","locations":[{"start":{"line":13,"column":12},"end":{"line":13,"column":null}},{"start":{},"end":{}}],"line":13},"1":{"loc":{"start":{"line":13,"column":16},"end":{"line":13,"column":82}},"type":"binary-expr","locations":[{"start":{"line":13,"column":16},"end":{"line":13,"column":44}},{"start":{"line":13,"column":44},"end":{"line":13,"column":64}},{"start":{"line":13,"column":64},"end":{"line":13,"column":82}}],"line":13},"2":{"loc":{"start":{"line":15,"column":12},"end":{"line":18,"column":null}},"type":"if","locations":[{"start":{"line":15,"column":12},"end":{"line":18,"column":null}},{"start":{"line":17,"column":23},"end":{"line":18,"column":null}}],"line":15},"3":{"loc":{"start":{"line":17,"column":23},"end":{"line":18,"column":null}},"type":"if","locations":[{"start":{"line":17,"column":23},"end":{"line":18,"column":null}},{"start":{},"end":{}}],"line":17},"4":{"loc":{"start":{"line":17,"column":23},"end":{"line":17,"column":76}},"type":"binary-expr","locations":[{"start":{"line":17,"column":23},"end":{"line":17,"column":47}},{"start":{"line":17,"column":51},"end":{"line":17,"column":76}}],"line":17},"5":{"loc":{"start":{"line":62,"column":16},"end":{"line":63,"column":null}},"type":"if","locations":[{"start":{"line":62,"column":16},"end":{"line":63,"column":null}},{"start":{},"end":{}}],"line":62},"6":{"loc":{"start":{"line":75,"column":4},"end":{"line":79,"column":null}},"type":"if","locations":[{"start":{"line":75,"column":4},"end":{"line":79,"column":null}},{"start":{"line":77,"column":11},"end":{"line":79,"column":null}}],"line":75},"7":{"loc":{"start":{"line":84,"column":0},"end":{"line":85,"column":null}},"type":"if","locations":[{"start":{"line":84,"column":0},"end":{"line":85,"column":null}},{"start":{},"end":{}}],"line":84}},"s":{"0":0,"1":0,"2":0,"3":0,"4":0,"5":0,"6":0,"7":0,"8":0,"9":0,"10":0,"11":0,"12":0,"13":0,"14":0,"15":0,"16":0,"17":0,"18":0,"19":0,"20":0,"21":0,"22":0,"23":0,"24":0,"25":0,"26":0,"27":0,"28":0,"29":0,"30":0,"31":0,"32":0,"33":0,"34":0,"35":0,"36":0,"37":0,"38":0,"39":0,"40":0,"41":0,"42":0,"43":0,"44":0},"f":{"0":0,"1":0},"b":{"0":[0,0],"1":[0,0,0],"2":[0,0],"3":[0,0],"4":[0,0],"5":[0,0],"6":[0,0],"7":[0,0]},"meta":{"lastBranch":8,"lastFunction":2,"lastStatement":45,"seen":{"f:8:9:8:19":0,"s:9:28:9:30":0,"s:10:4:21:Infinity":1,"s:11:14:11:40":2,"s:12:8:18:Infinity":3,"b:13:12:13:Infinity:undefined:undefined:undefined:undefined":0,"s:13:12:13:Infinity":4,"b:13:16:13:44:13:44:13:64:13:64:13:82":1,"s:13:82:13:Infinity":5,"s:14:18:14:45":6,"b:15:12:18:Infinity:17:23:18:Infinity":2,"s:15:12:18:Infinity":7,"s:16:16:16:Infinity":8,"b:17:23:18:Infinity:undefined:undefined:undefined:undefined":3,"s:17:23:18:Infinity":9,"b:17:23:17:47:17:51:17:76":4,"s:18:16:18:Infinity":10,"s:24:4:24:Infinity":11,"f:27:9:27:23":1,"s:29:4:33:Infinity":12,"s:30:8:30:Infinity":13,"s:32:8:32:Infinity":14,"s:33:8:33:Infinity":15,"s:36:4:36:Infinity":16,"s:38:10:38:40":17,"s:39:18:39:35":18,"s:41:21:41:Infinity":19,"s:43:4:70:Infinity":20,"s:44:14:44:50":21,"s:45:22:45:41":22,"s:50:22:50:Infinity":23,"s:52:8:70:Infinity":24,"s:52:21:52:24":25,"s:53:25:53:Infinity":26,"s:55:32:55:57":27,"s:57:12:70:Infinity":28,"s:58:37:58:Infinity":29,"s:59:31:59:Infinity":30,"b:62:16:63:Infinity:undefined:undefined:undefined:undefined":5,"s:62:16:63:Infinity":31,"s:63:20:63:Infinity":32,"s:66:16:66:Infinity":33,"s:67:16:67:Infinity":34,"s:68:16:68:Infinity":35,"s:69:16:69:Infinity":36,"s:70:16:70:Infinity":37,"b:75:4:79:Infinity:77:11:79:Infinity":6,"s:75:4:79:Infinity":38,"s:76:8:76:Infinity":39,"s:78:8:78:Infinity":40,"s:79:8:79:Infinity":41,"s:81:4:81:Infinity":42,"b:84:0:85:Infinity:undefined:undefined:undefined:undefined":7,"s:84:0:85:Infinity":43,"s:85:4:85:Infinity":44}}}
,"/Users/josecosta/dev/swarm-cli/src/modules/Commands/useCases/ast-rename.ts": {"path":"/Users/josecosta/dev/swarm-cli/src/modules/Commands/useCases/ast-rename.ts","statementMap":{"0":{"start":{"line":16,"column":4},"end":{"line":20,"column":null}},"1":{"start":{"line":17,"column":8},"end":{"line":17,"column":null}},"2":{"start":{"line":19,"column":8},"end":{"line":19,"column":null}},"3":{"start":{"line":20,"column":8},"end":{"line":20,"column":null}},"4":{"start":{"line":23,"column":12},"end":{"line":23,"column":60}},"5":{"start":{"line":24,"column":21},"end":{"line":24,"column":null}},"6":{"start":{"line":25,"column":20},"end":{"line":25,"column":null}},"7":{"start":{"line":26,"column":20},"end":{"line":26,"column":null}},"8":{"start":{"line":28,"column":4},"end":{"line":30,"column":null}},"9":{"start":{"line":29,"column":8},"end":{"line":29,"column":null}},"10":{"start":{"line":30,"column":8},"end":{"line":30,"column":null}},"11":{"start":{"line":33,"column":4},"end":{"line":33,"column":null}},"12":{"start":{"line":35,"column":10},"end":{"line":35,"column":70}},"13":{"start":{"line":37,"column":4},"end":{"line":41,"column":null}},"14":{"start":{"line":38,"column":8},"end":{"line":38,"column":null}},"15":{"start":{"line":40,"column":8},"end":{"line":40,"column":null}},"16":{"start":{"line":41,"column":8},"end":{"line":41,"column":null}},"17":{"start":{"line":43,"column":4},"end":{"line":43,"column":null}},"18":{"start":{"line":46,"column":0},"end":{"line":47,"column":null}},"19":{"start":{"line":47,"column":4},"end":{"line":47,"column":null}}},"fnMap":{"0":{"name":"run","decl":{"start":{"line":14,"column":9},"end":{"line":14,"column":23}},"loc":{"start":{"line":14,"column":23},"end":{"line":43,"column":null}},"line":14}},"branchMap":{"0":{"loc":{"start":{"line":28,"column":4},"end":{"line":30,"column":null}},"type":"if","locations":[{"start":{"line":28,"column":4},"end":{"line":30,"column":null}},{"start":{},"end":{}}],"line":28},"1":{"loc":{"start":{"line":28,"column":8},"end":{"line":28,"column":43}},"type":"binary-expr","locations":[{"start":{"line":28,"column":8},"end":{"line":28,"column":21}},{"start":{"line":28,"column":21},"end":{"line":28,"column":33}},{"start":{"line":28,"column":33},"end":{"line":28,"column":43}}],"line":28},"2":{"loc":{"start":{"line":37,"column":4},"end":{"line":41,"column":null}},"type":"if","locations":[{"start":{"line":37,"column":4},"end":{"line":41,"column":null}},{"start":{"line":39,"column":11},"end":{"line":41,"column":null}}],"line":37},"3":{"loc":{"start":{"line":40,"column":46},"end":{"line":40,"column":78}},"type":"binary-expr","locations":[{"start":{"line":40,"column":46},"end":{"line":40,"column":62}},{"start":{"line":40,"column":62},"end":{"line":40,"column":78}}],"line":40},"4":{"loc":{"start":{"line":46,"column":0},"end":{"line":47,"column":null}},"type":"if","locations":[{"start":{"line":46,"column":0},"end":{"line":47,"column":null}},{"start":{},"end":{}}],"line":46}},"s":{"0":0,"1":0,"2":0,"3":0,"4":0,"5":0,"6":0,"7":0,"8":0,"9":0,"10":0,"11":0,"12":0,"13":0,"14":0,"15":0,"16":0,"17":0,"18":0,"19":0},"f":{"0":0},"b":{"0":[0,0],"1":[0,0,0],"2":[0,0],"3":[0,0],"4":[0,0]},"meta":{"lastBranch":5,"lastFunction":1,"lastStatement":20,"seen":{"f:14:9:14:23":0,"s:16:4:20:Infinity":0,"s:17:8:17:Infinity":1,"s:19:8:19:Infinity":2,"s:20:8:20:Infinity":3,"s:23:12:23:60":4,"s:24:21:24:Infinity":5,"s:25:20:25:Infinity":6,"s:26:20:26:Infinity":7,"b:28:4:30:Infinity:undefined:undefined:undefined:undefined":0,"s:28:4:30:Infinity":8,"b:28:8:28:21:28:21:28:33:28:33:28:43":1,"s:29:8:29:Infinity":9,"s:30:8:30:Infinity":10,"s:33:4:33:Infinity":11,"s:35:10:35:70":12,"b:37:4:41:Infinity:39:11:41:Infinity":2,"s:37:4:41:Infinity":13,"s:38:8:38:Infinity":14,"s:40:8:40:Infinity":15,"b:40:46:40:62:40:62:40:78":3,"s:41:8:41:Infinity":16,"s:43:4:43:Infinity":17,"b:46:0:47:Infinity:undefined:undefined:undefined:undefined":4,"s:46:0:47:Infinity":18,"s:47:4:47:Infinity":19}}}
,"/Users/josecosta/dev/swarm-cli/src/modules/Commands/useCases/audit-sec.ts": {"path":"/Users/josecosta/dev/swarm-cli/src/modules/Commands/useCases/audit-sec.ts","statementMap":{"0":{"start":{"line":8,"column":23},"end":{"line":14,"column":null}},"1":{"start":{"line":17,"column":18},"end":{"line":17,"column":37}},"2":{"start":{"line":18,"column":19},"end":{"line":18,"column":21}},"3":{"start":{"line":20,"column":4},"end":{"line":29,"column":null}},"4":{"start":{"line":20,"column":17},"end":{"line":20,"column":20}},"5":{"start":{"line":21,"column":21},"end":{"line":21,"column":null}},"6":{"start":{"line":23,"column":8},"end":{"line":29,"column":null}},"7":{"start":{"line":24,"column":12},"end":{"line":29,"column":null}},"8":{"start":{"line":25,"column":16},"end":{"line":29,"column":null}},"9":{"start":{"line":33,"column":4},"end":{"line":33,"column":null}},"10":{"start":{"line":38,"column":4},"end":{"line":42,"column":null}},"11":{"start":{"line":39,"column":8},"end":{"line":39,"column":null}},"12":{"start":{"line":41,"column":8},"end":{"line":41,"column":null}},"13":{"start":{"line":42,"column":8},"end":{"line":42,"column":null}},"14":{"start":{"line":45,"column":12},"end":{"line":45,"column":60}},"15":{"start":{"line":46,"column":23},"end":{"line":46,"column":null}},"16":{"start":{"line":48,"column":4},"end":{"line":50,"column":null}},"17":{"start":{"line":49,"column":8},"end":{"line":49,"column":null}},"18":{"start":{"line":50,"column":8},"end":{"line":50,"column":null}},"19":{"start":{"line":53,"column":10},"end":{"line":53,"column":47}},"20":{"start":{"line":54,"column":4},"end":{"line":56,"column":null}},"21":{"start":{"line":55,"column":8},"end":{"line":55,"column":null}},"22":{"start":{"line":56,"column":8},"end":{"line":56,"column":null}},"23":{"start":{"line":59,"column":10},"end":{"line":59,"column":50}},"24":{"start":{"line":60,"column":19},"end":{"line":60,"column":41}},"25":{"start":{"line":62,"column":4},"end":{"line":62,"column":null}},"26":{"start":{"line":64,"column":4},"end":{"line":72,"column":null}},"27":{"start":{"line":65,"column":8},"end":{"line":65,"column":null}},"28":{"start":{"line":67,"column":8},"end":{"line":67,"column":null}},"29":{"start":{"line":68,"column":8},"end":{"line":71,"column":null}},"30":{"start":{"line":69,"column":12},"end":{"line":69,"column":null}},"31":{"start":{"line":70,"column":12},"end":{"line":70,"column":null}},"32":{"start":{"line":72,"column":8},"end":{"line":72,"column":null}},"33":{"start":{"line":74,"column":4},"end":{"line":74,"column":null}},"34":{"start":{"line":75,"column":4},"end":{"line":75,"column":null}},"35":{"start":{"line":78,"column":0},"end":{"line":79,"column":null}},"36":{"start":{"line":79,"column":4},"end":{"line":79,"column":null}}},"fnMap":{"0":{"name":"auditSecurity","decl":{"start":{"line":16,"column":16},"end":{"line":16,"column":30}},"loc":{"start":{"line":16,"column":47},"end":{"line":33,"column":null}},"line":16},"1":{"name":"run","decl":{"start":{"line":36,"column":9},"end":{"line":36,"column":23}},"loc":{"start":{"line":36,"column":23},"end":{"line":75,"column":null}},"line":36},"2":{"name":"(anonymous_2)","decl":{"start":{"line":68,"column":15},"end":{"line":68,"column":23}},"loc":{"start":{"line":68,"column":32},"end":{"line":71,"column":null}},"line":68}},"branchMap":{"0":{"loc":{"start":{"line":24,"column":12},"end":{"line":29,"column":null}},"type":"if","locations":[{"start":{"line":24,"column":12},"end":{"line":29,"column":null}},{"start":{},"end":{}}],"line":24},"1":{"loc":{"start":{"line":48,"column":4},"end":{"line":50,"column":null}},"type":"if","locations":[{"start":{"line":48,"column":4},"end":{"line":50,"column":null}},{"start":{},"end":{}}],"line":48},"2":{"loc":{"start":{"line":54,"column":4},"end":{"line":56,"column":null}},"type":"if","locations":[{"start":{"line":54,"column":4},"end":{"line":56,"column":null}},{"start":{},"end":{}}],"line":54},"3":{"loc":{"start":{"line":64,"column":4},"end":{"line":72,"column":null}},"type":"if","locations":[{"start":{"line":64,"column":4},"end":{"line":72,"column":null}},{"start":{"line":66,"column":11},"end":{"line":72,"column":null}}],"line":64},"4":{"loc":{"start":{"line":78,"column":0},"end":{"line":79,"column":null}},"type":"if","locations":[{"start":{"line":78,"column":0},"end":{"line":79,"column":null}},{"start":{},"end":{}}],"line":78}},"s":{"0":1,"1":8,"2":8,"3":8,"4":8,"5":15,"6":15,"7":75,"8":9,"9":8,"10":0,"11":0,"12":0,"13":0,"14":0,"15":0,"16":0,"17":0,"18":0,"19":0,"20":0,"21":0,"22":0,"23":0,"24":0,"25":0,"26":0,"27":0,"28":0,"29":0,"30":0,"31":0,"32":0,"33":0,"34":0,"35":1,"36":0},"f":{"0":8,"1":0,"2":0},"b":{"0":[9,66],"1":[0,0],"2":[0,0],"3":[0,0],"4":[0,1]},"meta":{"lastBranch":5,"lastFunction":3,"lastStatement":37,"seen":{"s:8:23:14:Infinity":0,"f:16:16:16:30":0,"s:17:18:17:37":1,"s:18:19:18:21":2,"s:20:4:29:Infinity":3,"s:20:17:20:20":4,"s:21:21:21:Infinity":5,"s:23:8:29:Infinity":6,"b:24:12:29:Infinity:undefined:undefined:undefined:undefined":0,"s:24:12:29:Infinity":7,"s:25:16:29:Infinity":8,"s:33:4:33:Infinity":9,"f:36:9:36:23":1,"s:38:4:42:Infinity":10,"s:39:8:39:Infinity":11,"s:41:8:41:Infinity":12,"s:42:8:42:Infinity":13,"s:45:12:45:60":14,"s:46:23:46:Infinity":15,"b:48:4:50:Infinity:undefined:undefined:undefined:undefined":1,"s:48:4:50:Infinity":16,"s:49:8:49:Infinity":17,"s:50:8:50:Infinity":18,"s:53:10:53:47":19,"b:54:4:56:Infinity:undefined:undefined:undefined:undefined":2,"s:54:4:56:Infinity":20,"s:55:8:55:Infinity":21,"s:56:8:56:Infinity":22,"s:59:10:59:50":23,"s:60:19:60:41":24,"s:62:4:62:Infinity":25,"b:64:4:72:Infinity:66:11:72:Infinity":3,"s:64:4:72:Infinity":26,"s:65:8:65:Infinity":27,"s:67:8:67:Infinity":28,"s:68:8:71:Infinity":29,"f:68:15:68:23":2,"s:69:12:69:Infinity":30,"s:70:12:70:Infinity":31,"s:72:8:72:Infinity":32,"s:74:4:74:Infinity":33,"s:75:4:75:Infinity":34,"b:78:0:79:Infinity:undefined:undefined:undefined:undefined":4,"s:78:0:79:Infinity":35,"s:79:4:79:Infinity":36}}}
,"/Users/josecosta/dev/swarm-cli/src/modules/Commands/useCases/capabilities.ts": {"path":"/Users/josecosta/dev/swarm-cli/src/modules/Commands/useCases/capabilities.ts","statementMap":{"0":{"start":{"line":7,"column":12},"end":{"line":7,"column":55}},"1":{"start":{"line":8,"column":19},"end":{"line":8,"column":null}},"2":{"start":{"line":10,"column":10},"end":{"line":10,"column":44}},"3":{"start":{"line":12,"column":4},"end":{"line":14,"column":null}},"4":{"start":{"line":13,"column":8},"end":{"line":13,"column":null}},"5":{"start":{"line":14,"column":8},"end":{"line":14,"column":null}},"6":{"start":{"line":17,"column":4},"end":{"line":19,"column":null}},"7":{"start":{"line":18,"column":8},"end":{"line":18,"column":null}},"8":{"start":{"line":19,"column":8},"end":{"line":19,"column":null}},"9":{"start":{"line":22,"column":19},"end":{"line":22,"column":57}},"10":{"start":{"line":23,"column":4},"end":{"line":26,"column":null}},"11":{"start":{"line":24,"column":25},"end":{"line":24,"column":51}},"12":{"start":{"line":25,"column":8},"end":{"line":25,"column":null}},"13":{"start":{"line":26,"column":8},"end":{"line":26,"column":null}},"14":{"start":{"line":29,"column":4},"end":{"line":32,"column":null}},"15":{"start":{"line":30,"column":8},"end":{"line":30,"column":null}},"16":{"start":{"line":31,"column":8},"end":{"line":32,"column":null}},"17":{"start":{"line":32,"column":12},"end":{"line":32,"column":null}},"18":{"start":{"line":36,"column":4},"end":{"line":36,"column":null}},"19":{"start":{"line":37,"column":4},"end":{"line":37,"column":null}},"20":{"start":{"line":40,"column":0},"end":{"line":41,"column":null}},"21":{"start":{"line":41,"column":4},"end":{"line":41,"column":null}}},"fnMap":{"0":{"name":"run","decl":{"start":{"line":6,"column":9},"end":{"line":6,"column":23}},"loc":{"start":{"line":6,"column":23},"end":{"line":37,"column":null}},"line":6}},"branchMap":{"0":{"loc":{"start":{"line":12,"column":4},"end":{"line":14,"column":null}},"type":"if","locations":[{"start":{"line":12,"column":4},"end":{"line":14,"column":null}},{"start":{},"end":{}}],"line":12},"1":{"loc":{"start":{"line":17,"column":4},"end":{"line":19,"column":null}},"type":"if","locations":[{"start":{"line":17,"column":4},"end":{"line":19,"column":null}},{"start":{},"end":{}}],"line":17},"2":{"loc":{"start":{"line":24,"column":25},"end":{"line":24,"column":51}},"type":"binary-expr","locations":[{"start":{"line":24,"column":25},"end":{"line":24,"column":45}},{"start":{"line":24,"column":49},"end":{"line":24,"column":51}}],"line":24},"3":{"loc":{"start":{"line":40,"column":0},"end":{"line":41,"column":null}},"type":"if","locations":[{"start":{"line":40,"column":0},"end":{"line":41,"column":null}},{"start":{},"end":{}}],"line":40}},"s":{"0":0,"1":0,"2":0,"3":0,"4":0,"5":0,"6":0,"7":0,"8":0,"9":0,"10":0,"11":0,"12":0,"13":0,"14":0,"15":0,"16":0,"17":0,"18":0,"19":0,"20":0,"21":0},"f":{"0":0},"b":{"0":[0,0],"1":[0,0],"2":[0,0],"3":[0,0]},"meta":{"lastBranch":4,"lastFunction":1,"lastStatement":22,"seen":{"f:6:9:6:23":0,"s:7:12:7:55":0,"s:8:19:8:Infinity":1,"s:10:10:10:44":2,"b:12:4:14:Infinity:undefined:undefined:undefined:undefined":0,"s:12:4:14:Infinity":3,"s:13:8:13:Infinity":4,"s:14:8:14:Infinity":5,"b:17:4:19:Infinity:undefined:undefined:undefined:undefined":1,"s:17:4:19:Infinity":6,"s:18:8:18:Infinity":7,"s:19:8:19:Infinity":8,"s:22:19:22:57":9,"s:23:4:26:Infinity":10,"s:24:25:24:51":11,"b:24:25:24:45:24:49:24:51":2,"s:25:8:25:Infinity":12,"s:26:8:26:Infinity":13,"s:29:4:32:Infinity":14,"s:30:8:30:Infinity":15,"s:31:8:32:Infinity":16,"s:32:12:32:Infinity":17,"s:36:4:36:Infinity":18,"s:37:4:37:Infinity":19,"b:40:0:41:Infinity:undefined:undefined:undefined:undefined":3,"s:40:0:41:Infinity":20,"s:41:4:41:Infinity":21}}}
,"/Users/josecosta/dev/swarm-cli/src/modules/Commands/useCases/chaos.ts": {"path":"/Users/josecosta/dev/swarm-cli/src/modules/Commands/useCases/chaos.ts","statementMap":{"0":{"start":{"line":10,"column":4},"end":{"line":14,"column":null}},"1":{"start":{"line":11,"column":8},"end":{"line":11,"column":null}},"2":{"start":{"line":13,"column":8},"end":{"line":13,"column":null}},"3":{"start":{"line":14,"column":8},"end":{"line":14,"column":null}},"4":{"start":{"line":17,"column":24},"end":{"line":17,"column":67}},"5":{"start":{"line":18,"column":20},"end":{"line":18,"column":null}},"6":{"start":{"line":20,"column":10},"end":{"line":20,"column":48}},"7":{"start":{"line":22,"column":4},"end":{"line":22,"column":null}},"8":{"start":{"line":24,"column":4},"end":{"line":52,"column":null}},"9":{"start":{"line":25,"column":22},"end":{"line":25,"column":58}},"10":{"start":{"line":26,"column":25},"end":{"line":26,"column":64}},"11":{"start":{"line":28,"column":25},"end":{"line":28,"column":null}},"12":{"start":{"line":29,"column":8},"end":{"line":29,"column":null}},"13":{"start":{"line":29,"column":33},"end":{"line":29,"column":null}},"14":{"start":{"line":32,"column":8},"end":{"line":32,"column":null}},"15":{"start":{"line":32,"column":56},"end":{"line":32,"column":84}},"16":{"start":{"line":34,"column":8},"end":{"line":34,"column":null}},"17":{"start":{"line":35,"column":8},"end":{"line":35,"column":null}},"18":{"start":{"line":37,"column":8},"end":{"line":37,"column":null}},"19":{"start":{"line":38,"column":8},"end":{"line":38,"column":null}},"20":{"start":{"line":39,"column":8},"end":{"line":39,"column":null}},"21":{"start":{"line":40,"column":8},"end":{"line":40,"column":null}},"22":{"start":{"line":42,"column":15},"end":{"line":52,"column":null}},"23":{"start":{"line":43,"column":8},"end":{"line":46,"column":null}},"24":{"start":{"line":44,"column":16},"end":{"line":44,"column":58}},"25":{"start":{"line":45,"column":12},"end":{"line":45,"column":null}},"26":{"start":{"line":45,"column":60},"end":{"line":45,"column":88}},"27":{"start":{"line":46,"column":12},"end":{"line":46,"column":null}},"28":{"start":{"line":48,"column":8},"end":{"line":48,"column":null}},"29":{"start":{"line":49,"column":8},"end":{"line":49,"column":null}},"30":{"start":{"line":51,"column":8},"end":{"line":51,"column":null}},"31":{"start":{"line":52,"column":8},"end":{"line":52,"column":null}},"32":{"start":{"line":54,"column":4},"end":{"line":54,"column":null}},"33":{"start":{"line":55,"column":4},"end":{"line":55,"column":null}},"34":{"start":{"line":58,"column":0},"end":{"line":59,"column":null}},"35":{"start":{"line":59,"column":4},"end":{"line":59,"column":null}}},"fnMap":{"0":{"name":"run","decl":{"start":{"line":8,"column":9},"end":{"line":8,"column":23}},"loc":{"start":{"line":8,"column":23},"end":{"line":55,"column":null}},"line":8},"1":{"name":"(anonymous_1)","decl":{"start":{"line":32,"column":44},"end":{"line":32,"column":51}},"loc":{"start":{"line":32,"column":56},"end":{"line":32,"column":84}},"line":32},"2":{"name":"(anonymous_2)","decl":{"start":{"line":45,"column":48},"end":{"line":45,"column":55}},"loc":{"start":{"line":45,"column":60},"end":{"line":45,"column":88}},"line":45}},"branchMap":{"0":{"loc":{"start":{"line":24,"column":4},"end":{"line":52,"column":null}},"type":"if","locations":[{"start":{"line":24,"column":4},"end":{"line":52,"column":null}},{"start":{"line":42,"column":15},"end":{"line":52,"column":null}}],"line":24},"1":{"loc":{"start":{"line":25,"column":29},"end":{"line":25,"column":58}},"type":"binary-expr","locations":[{"start":{"line":25,"column":29},"end":{"line":25,"column":47}},{"start":{"line":25,"column":51},"end":{"line":25,"column":58}}],"line":25},"2":{"loc":{"start":{"line":26,"column":32},"end":{"line":26,"column":64}},"type":"binary-expr","locations":[{"start":{"line":26,"column":32},"end":{"line":26,"column":54}},{"start":{"line":26,"column":58},"end":{"line":26,"column":64}}],"line":26},"3":{"loc":{"start":{"line":29,"column":8},"end":{"line":29,"column":null}},"type":"if","locations":[{"start":{"line":29,"column":8},"end":{"line":29,"column":null}},{"start":{},"end":{}}],"line":29},"4":{"loc":{"start":{"line":42,"column":15},"end":{"line":52,"column":null}},"type":"if","locations":[{"start":{"line":42,"column":15},"end":{"line":52,"column":null}},{"start":{"line":50,"column":11},"end":{"line":52,"column":null}}],"line":42},"5":{"loc":{"start":{"line":43,"column":8},"end":{"line":46,"column":null}},"type":"if","locations":[{"start":{"line":43,"column":8},"end":{"line":46,"column":null}},{"start":{},"end":{}}],"line":43},"6":{"loc":{"start":{"line":58,"column":0},"end":{"line":59,"column":null}},"type":"if","locations":[{"start":{"line":58,"column":0},"end":{"line":59,"column":null}},{"start":{},"end":{}}],"line":58}},"s":{"0":0,"1":0,"2":0,"3":0,"4":0,"5":0,"6":0,"7":0,"8":0,"9":0,"10":0,"11":0,"12":0,"13":0,"14":0,"15":0,"16":0,"17":0,"18":0,"19":0,"20":0,"21":0,"22":0,"23":0,"24":0,"25":0,"26":0,"27":0,"28":0,"29":0,"30":0,"31":0,"32":0,"33":0,"34":0,"35":0},"f":{"0":0,"1":0,"2":0},"b":{"0":[0,0],"1":[0,0],"2":[0,0],"3":[0,0],"4":[0,0],"5":[0,0],"6":[0,0]},"meta":{"lastBranch":7,"lastFunction":3,"lastStatement":36,"seen":{"f:8:9:8:23":0,"s:10:4:14:Infinity":0,"s:11:8:11:Infinity":1,"s:13:8:13:Infinity":2,"s:14:8:14:Infinity":3,"s:17:24:17:67":4,"s:18:20:18:Infinity":5,"s:20:10:20:48":6,"s:22:4:22:Infinity":7,"b:24:4:52:Infinity:42:15:52:Infinity":0,"s:24:4:52:Infinity":8,"s:25:22:25:58":9,"b:25:29:25:47:25:51:25:58":1,"s:26:25:26:64":10,"b:26:32:26:54:26:58:26:64":2,"s:28:25:28:Infinity":11,"b:29:8:29:Infinity:undefined:undefined:undefined:undefined":3,"s:29:8:29:Infinity":12,"s:29:33:29:Infinity":13,"s:32:8:32:Infinity":14,"f:32:44:32:51":1,"s:32:56:32:84":15,"s:34:8:34:Infinity":16,"s:35:8:35:Infinity":17,"s:37:8:37:Infinity":18,"s:38:8:38:Infinity":19,"s:39:8:39:Infinity":20,"s:40:8:40:Infinity":21,"b:42:15:52:Infinity:50:11:52:Infinity":4,"s:42:15:52:Infinity":22,"b:43:8:46:Infinity:undefined:undefined:undefined:undefined":5,"s:43:8:46:Infinity":23,"s:44:16:44:58":24,"s:45:12:45:Infinity":25,"f:45:48:45:55":2,"s:45:60:45:88":26,"s:46:12:46:Infinity":27,"s:48:8:48:Infinity":28,"s:49:8:49:Infinity":29,"s:51:8:51:Infinity":30,"s:52:8:52:Infinity":31,"s:54:4:54:Infinity":32,"s:55:4:55:Infinity":33,"b:58:0:59:Infinity:undefined:undefined:undefined:undefined":6,"s:58:0:59:Infinity":34,"s:59:4:59:Infinity":35}}}
,"/Users/josecosta/dev/swarm-cli/src/modules/Commands/useCases/chat.ts": {"path":"/Users/josecosta/dev/swarm-cli/src/modules/Commands/useCases/chat.ts","statementMap":{"0":{"start":{"line":10,"column":4},"end":{"line":14,"column":null}},"1":{"start":{"line":11,"column":8},"end":{"line":11,"column":null}},"2":{"start":{"line":13,"column":8},"end":{"line":13,"column":null}},"3":{"start":{"line":14,"column":8},"end":{"line":14,"column":null}},"4":{"start":{"line":19,"column":25},"end":{"line":19,"column":null}},"5":{"start":{"line":20,"column":17},"end":{"line":20,"column":null}},"6":{"start":{"line":22,"column":24},"end":{"line":22,"column":67}},"7":{"start":{"line":23,"column":23},"end":{"line":23,"column":null}},"8":{"start":{"line":24,"column":20},"end":{"line":24,"column":58}},"9":{"start":{"line":26,"column":4},"end":{"line":27,"column":null}},"10":{"start":{"line":27,"column":8},"end":{"line":27,"column":null}},"11":{"start":{"line":30,"column":4},"end":{"line":32,"column":null}},"12":{"start":{"line":31,"column":8},"end":{"line":31,"column":null}},"13":{"start":{"line":32,"column":8},"end":{"line":32,"column":null}},"14":{"start":{"line":35,"column":10},"end":{"line":35,"column":51}},"15":{"start":{"line":36,"column":4},"end":{"line":36,"column":null}},"16":{"start":{"line":36,"column":29},"end":{"line":36,"column":null}},"17":{"start":{"line":39,"column":25},"end":{"line":39,"column":52}},"18":{"start":{"line":40,"column":10},"end":{"line":40,"column":77}},"19":{"start":{"line":42,"column":4},"end":{"line":56,"column":null}},"20":{"start":{"line":44,"column":26},"end":{"line":44,"column":50}},"21":{"start":{"line":45,"column":26},"end":{"line":45,"column":null}},"22":{"start":{"line":46,"column":8},"end":{"line":46,"column":null}},"23":{"start":{"line":47,"column":8},"end":{"line":47,"column":null}},"24":{"start":{"line":50,"column":8},"end":{"line":52,"column":null}},"25":{"start":{"line":51,"column":12},"end":{"line":51,"column":null}},"26":{"start":{"line":52,"column":12},"end":{"line":52,"column":null}},"27":{"start":{"line":54,"column":8},"end":{"line":54,"column":null}},"28":{"start":{"line":55,"column":8},"end":{"line":55,"column":null}},"29":{"start":{"line":56,"column":8},"end":{"line":56,"column":null}},"30":{"start":{"line":58,"column":4},"end":{"line":58,"column":null}},"31":{"start":{"line":61,"column":0},"end":{"line":62,"column":null}},"32":{"start":{"line":62,"column":4},"end":{"line":62,"column":null}}},"fnMap":{"0":{"name":"run","decl":{"start":{"line":8,"column":9},"end":{"line":8,"column":23}},"loc":{"start":{"line":8,"column":23},"end":{"line":58,"column":null}},"line":8}},"branchMap":{"0":{"loc":{"start":{"line":19,"column":25},"end":{"line":19,"column":null}},"type":"binary-expr","locations":[{"start":{"line":19,"column":25},"end":{"line":19,"column":50}},{"start":{"line":19,"column":54},"end":{"line":19,"column":null}}],"line":19},"1":{"loc":{"start":{"line":20,"column":17},"end":{"line":20,"column":null}},"type":"cond-expr","locations":[{"start":{"line":20,"column":54},"end":{"line":20,"column":89}},{"start":{"line":20,"column":92},"end":{"line":20,"column":null}}],"line":20},"2":{"loc":{"start":{"line":24,"column":20},"end":{"line":24,"column":58}},"type":"binary-expr","locations":[{"start":{"line":24,"column":20},"end":{"line":24,"column":40}},{"start":{"line":24,"column":44},"end":{"line":24,"column":58}}],"line":24},"3":{"loc":{"start":{"line":26,"column":4},"end":{"line":27,"column":null}},"type":"if","locations":[{"start":{"line":26,"column":4},"end":{"line":27,"column":null}},{"start":{},"end":{}}],"line":26},"4":{"loc":{"start":{"line":30,"column":4},"end":{"line":32,"column":null}},"type":"if","locations":[{"start":{"line":30,"column":4},"end":{"line":32,"column":null}},{"start":{},"end":{}}],"line":30},"5":{"loc":{"start":{"line":36,"column":4},"end":{"line":36,"column":null}},"type":"if","locations":[{"start":{"line":36,"column":4},"end":{"line":36,"column":null}},{"start":{},"end":{}}],"line":36},"6":{"loc":{"start":{"line":42,"column":4},"end":{"line":56,"column":null}},"type":"if","locations":[{"start":{"line":42,"column":4},"end":{"line":56,"column":null}},{"start":{"line":48,"column":11},"end":{"line":56,"column":null}}],"line":42},"7":{"loc":{"start":{"line":50,"column":8},"end":{"line":52,"column":null}},"type":"if","locations":[{"start":{"line":50,"column":8},"end":{"line":52,"column":null}},{"start":{},"end":{}}],"line":50},"8":{"loc":{"start":{"line":61,"column":0},"end":{"line":62,"column":null}},"type":"if","locations":[{"start":{"line":61,"column":0},"end":{"line":62,"column":null}},{"start":{},"end":{}}],"line":61}},"s":{"0":0,"1":0,"2":0,"3":0,"4":0,"5":0,"6":0,"7":0,"8":0,"9":0,"10":0,"11":0,"12":0,"13":0,"14":0,"15":0,"16":0,"17":0,"18":0,"19":0,"20":0,"21":0,"22":0,"23":0,"24":0,"25":0,"26":0,"27":0,"28":0,"29":0,"30":0,"31":0,"32":0},"f":{"0":0},"b":{"0":[0,0],"1":[0,0],"2":[0,0],"3":[0,0],"4":[0,0],"5":[0,0],"6":[0,0],"7":[0,0],"8":[0,0]},"meta":{"lastBranch":9,"lastFunction":1,"lastStatement":33,"seen":{"f:8:9:8:23":0,"s:10:4:14:Infinity":0,"s:11:8:11:Infinity":1,"s:13:8:13:Infinity":2,"s:14:8:14:Infinity":3,"s:19:25:19:Infinity":4,"b:19:25:19:50:19:54:19:Infinity":0,"s:20:17:20:Infinity":5,"b:20:54:20:89:20:92:20:Infinity":1,"s:22:24:22:67":6,"s:23:23:23:Infinity":7,"s:24:20:24:58":8,"b:24:20:24:40:24:44:24:58":2,"b:26:4:27:Infinity:undefined:undefined:undefined:undefined":3,"s:26:4:27:Infinity":9,"s:27:8:27:Infinity":10,"b:30:4:32:Infinity:undefined:undefined:undefined:undefined":4,"s:30:4:32:Infinity":11,"s:31:8:31:Infinity":12,"s:32:8:32:Infinity":13,"s:35:10:35:51":14,"b:36:4:36:Infinity:undefined:undefined:undefined:undefined":5,"s:36:4:36:Infinity":15,"s:36:29:36:Infinity":16,"s:39:25:39:52":17,"s:40:10:40:77":18,"b:42:4:56:Infinity:48:11:56:Infinity":6,"s:42:4:56:Infinity":19,"s:44:26:44:50":20,"s:45:26:45:Infinity":21,"s:46:8:46:Infinity":22,"s:47:8:47:Infinity":23,"b:50:8:52:Infinity:undefined:undefined:undefined:undefined":7,"s:50:8:52:Infinity":24,"s:51:12:51:Infinity":25,"s:52:12:52:Infinity":26,"s:54:8:54:Infinity":27,"s:55:8:55:Infinity":28,"s:56:8:56:Infinity":29,"s:58:4:58:Infinity":30,"b:61:0:62:Infinity:undefined:undefined:undefined:undefined":8,"s:61:0:62:Infinity":31,"s:62:4:62:Infinity":32}}}
,"/Users/josecosta/dev/swarm-cli/src/modules/Commands/useCases/complexity.ts": {"path":"/Users/josecosta/dev/swarm-cli/src/modules/Commands/useCases/complexity.ts","statementMap":{"0":{"start":{"line":10,"column":16},"end":{"line":10,"column":null}},"1":{"start":{"line":12,"column":21},"end":{"line":22,"column":null}},"2":{"start":{"line":24,"column":4},"end":{"line":27,"column":null}},"3":{"start":{"line":25,"column":24},"end":{"line":25,"column":44}},"4":{"start":{"line":26,"column":8},"end":{"line":27,"column":null}},"5":{"start":{"line":27,"column":12},"end":{"line":27,"column":null}},"6":{"start":{"line":31,"column":4},"end":{"line":31,"column":null}},"7":{"start":{"line":36,"column":4},"end":{"line":40,"column":null}},"8":{"start":{"line":37,"column":8},"end":{"line":37,"column":null}},"9":{"start":{"line":39,"column":8},"end":{"line":39,"column":null}},"10":{"start":{"line":40,"column":8},"end":{"line":40,"column":null}},"11":{"start":{"line":43,"column":12},"end":{"line":43,"column":60}},"12":{"start":{"line":44,"column":23},"end":{"line":44,"column":null}},"13":{"start":{"line":46,"column":4},"end":{"line":48,"column":null}},"14":{"start":{"line":47,"column":8},"end":{"line":47,"column":null}},"15":{"start":{"line":48,"column":8},"end":{"line":48,"column":null}},"16":{"start":{"line":51,"column":10},"end":{"line":51,"column":47}},"17":{"start":{"line":52,"column":4},"end":{"line":54,"column":null}},"18":{"start":{"line":53,"column":8},"end":{"line":53,"column":null}},"19":{"start":{"line":54,"column":8},"end":{"line":54,"column":null}},"20":{"start":{"line":57,"column":10},"end":{"line":57,"column":50}},"21":{"start":{"line":58,"column":18},"end":{"line":58,"column":46}},"22":{"start":{"line":60,"column":4},"end":{"line":60,"column":null}},"23":{"start":{"line":61,"column":4},"end":{"line":61,"column":null}},"24":{"start":{"line":63,"column":4},"end":{"line":68,"column":null}},"25":{"start":{"line":64,"column":8},"end":{"line":64,"column":null}},"26":{"start":{"line":65,"column":15},"end":{"line":68,"column":null}},"27":{"start":{"line":66,"column":8},"end":{"line":66,"column":null}},"28":{"start":{"line":68,"column":8},"end":{"line":68,"column":null}},"29":{"start":{"line":70,"column":4},"end":{"line":70,"column":null}},"30":{"start":{"line":71,"column":4},"end":{"line":71,"column":null}},"31":{"start":{"line":74,"column":0},"end":{"line":75,"column":null}},"32":{"start":{"line":75,"column":4},"end":{"line":75,"column":null}}},"fnMap":{"0":{"name":"calculateComplexity","decl":{"start":{"line":8,"column":16},"end":{"line":8,"column":36}},"loc":{"start":{"line":8,"column":53},"end":{"line":31,"column":null}},"line":8},"1":{"name":"run","decl":{"start":{"line":34,"column":9},"end":{"line":34,"column":23}},"loc":{"start":{"line":34,"column":23},"end":{"line":71,"column":null}},"line":34}},"branchMap":{"0":{"loc":{"start":{"line":26,"column":8},"end":{"line":27,"column":null}},"type":"if","locations":[{"start":{"line":26,"column":8},"end":{"line":27,"column":null}},{"start":{},"end":{}}],"line":26},"1":{"loc":{"start":{"line":46,"column":4},"end":{"line":48,"column":null}},"type":"if","locations":[{"start":{"line":46,"column":4},"end":{"line":48,"column":null}},{"start":{},"end":{}}],"line":46},"2":{"loc":{"start":{"line":52,"column":4},"end":{"line":54,"column":null}},"type":"if","locations":[{"start":{"line":52,"column":4},"end":{"line":54,"column":null}},{"start":{},"end":{}}],"line":52},"3":{"loc":{"start":{"line":63,"column":4},"end":{"line":68,"column":null}},"type":"if","locations":[{"start":{"line":63,"column":4},"end":{"line":68,"column":null}},{"start":{"line":65,"column":15},"end":{"line":68,"column":null}}],"line":63},"4":{"loc":{"start":{"line":65,"column":15},"end":{"line":68,"column":null}},"type":"if","locations":[{"start":{"line":65,"column":15},"end":{"line":68,"column":null}},{"start":{"line":67,"column":11},"end":{"line":68,"column":null}}],"line":65},"5":{"loc":{"start":{"line":74,"column":0},"end":{"line":75,"column":null}},"type":"if","locations":[{"start":{"line":74,"column":0},"end":{"line":75,"column":null}},{"start":{},"end":{}}],"line":74}},"s":{"0":9,"1":9,"2":9,"3":81,"4":81,"5":14,"6":9,"7":0,"8":0,"9":0,"10":0,"11":0,"12":0,"13":0,"14":0,"15":0,"16":0,"17":0,"18":0,"19":0,"20":0,"21":0,"22":0,"23":0,"24":0,"25":0,"26":0,"27":0,"28":0,"29":0,"30":0,"31":1,"32":0},"f":{"0":9,"1":0},"b":{"0":[14,67],"1":[0,0],"2":[0,0],"3":[0,0],"4":[0,0],"5":[0,1]},"meta":{"lastBranch":6,"lastFunction":2,"lastStatement":33,"seen":{"f:8:16:8:36":0,"s:10:16:10:Infinity":0,"s:12:21:22:Infinity":1,"s:24:4:27:Infinity":2,"s:25:24:25:44":3,"b:26:8:27:Infinity:undefined:undefined:undefined:undefined":0,"s:26:8:27:Infinity":4,"s:27:12:27:Infinity":5,"s:31:4:31:Infinity":6,"f:34:9:34:23":1,"s:36:4:40:Infinity":7,"s:37:8:37:Infinity":8,"s:39:8:39:Infinity":9,"s:40:8:40:Infinity":10,"s:43:12:43:60":11,"s:44:23:44:Infinity":12,"b:46:4:48:Infinity:undefined:undefined:undefined:undefined":1,"s:46:4:48:Infinity":13,"s:47:8:47:Infinity":14,"s:48:8:48:Infinity":15,"s:51:10:51:47":16,"b:52:4:54:Infinity:undefined:undefined:undefined:undefined":2,"s:52:4:54:Infinity":17,"s:53:8:53:Infinity":18,"s:54:8:54:Infinity":19,"s:57:10:57:50":20,"s:58:18:58:46":21,"s:60:4:60:Infinity":22,"s:61:4:61:Infinity":23,"b:63:4:68:Infinity:65:15:68:Infinity":3,"s:63:4:68:Infinity":24,"s:64:8:64:Infinity":25,"b:65:15:68:Infinity:67:11:68:Infinity":4,"s:65:15:68:Infinity":26,"s:66:8:66:Infinity":27,"s:68:8:68:Infinity":28,"s:70:4:70:Infinity":29,"s:71:4:71:Infinity":30,"b:74:0:75:Infinity:undefined:undefined:undefined:undefined":5,"s:74:0:75:Infinity":31,"s:75:4:75:Infinity":32}}}
[...]
":67,"column":null}},"24":{"start":{"line":68,"column":19},"end":{"line":71,"column":null}},"25":{"start":{"line":69,"column":12},"end":{"line":69,"column":null}},"26":{"start":{"line":70,"column":19},"end":{"line":71,"column":null}},"27":{"start":{"line":71,"column":12},"end":{"line":71,"column":null}},"28":{"start":{"line":74,"column":4},"end":{"line":74,"column":null}},"29":{"start":{"line":74,"column":17},"end":{"line":74,"column":null}},"30":{"start":{"line":75,"column":4},"end":{"line":75,"column":null}},"31":{"start":{"line":82,"column":10},"end":{"line":85,"column":6}},"32":{"start":{"line":86,"column":4},"end":{"line":86,"column":null}},"33":{"start":{"line":93,"column":17},"end":{"line":93,"column":40}},"34":{"start":{"line":94,"column":18},"end":{"line":94,"column":55}},"35":{"start":{"line":94,"column":35},"end":{"line":94,"column":55}},"36":{"start":{"line":95,"column":4},"end":{"line":95,"column":null}},"37":{"start":{"line":102,"column":19},"end":{"line":102,"column":50}},"38":{"start":{"line":103,"column":4},"end":{"line":106,"column":null}},"39":{"start":{"line":104,"column":8},"end":{"line":104,"column":null}},"40":{"start":{"line":106,"column":8},"end":{"line":106,"column":null}},"41":{"start":{"line":114,"column":17},"end":{"line":114,"column":39}},"42":{"start":{"line":115,"column":4},"end":{"line":115,"column":null}},"43":{"start":{"line":115,"column":15},"end":{"line":115,"column":null}},"44":{"start":{"line":116,"column":4},"end":{"line":116,"column":null}},"45":{"start":{"line":117,"column":4},"end":{"line":117,"column":null}},"46":{"start":{"line":124,"column":4},"end":{"line":124,"column":null}},"47":{"start":{"line":131,"column":4},"end":{"line":131,"column":null}},"48":{"start":{"line":131,"column":35},"end":{"line":131,"column":null}},"49":{"start":{"line":132,"column":10},"end":{"line":135,"column":6}},"50":{"start":{"line":136,"column":4},"end":{"line":136,"column":null}},"51":{"start":{"line":136,"column":29},"end":{"line":136,"column":null}},"52":{"start":{"line":137,"column":4},"end":{"line":137,"column":null}},"53":{"start":{"line":144,"column":4},"end":{"line":144,"column":null}},"54":{"start":{"line":144,"column":35},"end":{"line":144,"column":null}},"55":{"start":{"line":145,"column":10},"end":{"line":148,"column":6}},"56":{"start":{"line":149,"column":4},"end":{"line":149,"column":null}},"57":{"start":{"line":149,"column":29},"end":{"line":149,"column":null}},"58":{"start":{"line":150,"column":10},"end":{"line":150,"column":46}},"59":{"start":{"line":151,"column":4},"end":{"line":151,"column":null}},"60":{"start":{"line":151,"column":16},"end":{"line":151,"column":null}},"61":{"start":{"line":152,"column":18},"end":{"line":152,"column":null}},"62":{"start":{"line":153,"column":4},"end":{"line":153,"column":null}},"63":{"start":{"line":160,"column":17},"end":{"line":160,"column":53}},"64":{"start":{"line":161,"column":4},"end":{"line":170,"column":null}},"65":{"start":{"line":162,"column":8},"end":{"line":170,"column":null}},"66":{"start":{"line":164,"column":32},"end":{"line":164,"column":114}},"67":{"start":{"line":165,"column":12},"end":{"line":165,"column":null}},"68":{"start":{"line":165,"column":35},"end":{"line":165,"column":null}},"69":{"start":{"line":167,"column":27},"end":{"line":167,"column":78}},"70":{"start":{"line":168,"column":27},"end":{"line":168,"column":98}},"71":{"start":{"line":168,"column":65},"end":{"line":168,"column":97}},"72":{"start":{"line":169,"column":12},"end":{"line":169,"column":null}},"73":{"start":{"line":169,"column":41},"end":{"line":169,"column":null}},"74":{"start":{"line":174,"column":4},"end":{"line":174,"column":null}},"75":{"start":{"line":181,"column":4},"end":{"line":181,"column":null}},"76":{"start":{"line":188,"column":4},"end":{"line":195,"column":null}},"77":{"start":{"line":189,"column":23},"end":{"line":189,"column":81}},"78":{"start":{"line":190,"column":8},"end":{"line":193,"column":null}},"79":{"start":{"line":192,"column":32},"end":{"line":192,"column":64}},"80":{"start":{"line":195,"column":8},"end":{"line":195,"column":null}},"81":{"start":{"line":203,"column":10},"end":{"line":203,"column":67}},"82":{"start":{"line":204,"column":4},"end":{"line":204,"column":null}},"83":{"start":{"line":212,"column":10},"end":{"line":216,"column":6}},"84":{"start":{"line":217,"column":4},"end":{"line":217,"column":null}}},"fnMap":{"0":{"name":"git","decl":{"start":{"line":17,"column":9},"end":{"line":17,"column":13}},"loc":{"start":{"line":17,"column":66},"end":{"line":26,"column":null}},"line":17},"1":{"name":"get_repo_root","decl":{"start":{"line":32,"column":16},"end":{"line":32,"column":40}},"loc":{"start":{"line":32,"column":40},"end":{"line":39,"column":null}},"line":32},"2":{"name":"get_repo_name","decl":{"start":{"line":46,"column":16},"end":{"line":46,"column":30}},"loc":{"start":{"line":46,"column":56},"end":{"line":47,"column":null}},"line":46},"3":{"name":"worktree_list","decl":{"start":{"line":53,"column":16},"end":{"line":53,"column":30}},"loc":{"start":{"line":53,"column":64},"end":{"line":75,"column":null}},"line":53},"4":{"name":"branch_exists","decl":{"start":{"line":81,"column":16},"end":{"line":81,"column":30}},"loc":{"start":{"line":81,"column":73},"end":{"line":86,"column":null}},"line":81},"5":{"name":"find_worktree_for_branch","decl":{"start":{"line":92,"column":16},"end":{"line":92,"column":41}},"loc":{"start":{"line":92,"column":90},"end":{"line":95,"column":null}},"line":92},"6":{"name":"(anonymous_6)","decl":{"start":{"line":94,"column":23},"end":{"line":94,"column":29}},"loc":{"start":{"line":94,"column":35},"end":{"line":94,"column":55}},"line":94},"7":{"name":"worktree_create","decl":{"start":{"line":101,"column":16},"end":{"line":101,"column":32}},"loc":{"start":{"line":101,"column":108},"end":{"line":106,"column":null}},"line":101},"8":{"name":"worktree_remove","decl":{"start":{"line":113,"column":16},"end":{"line":113,"column":32}},"loc":{"start":{"line":113,"column":88},"end":{"line":117,"column":null}},"line":113},"9":{"name":"worktree_prune","decl":{"start":{"line":123,"column":16},"end":{"line":123,"column":31}},"loc":{"start":{"line":123,"column":49},"end":{"line":124,"column":null}},"line":123},"10":{"name":"is_worktree_dirty","decl":{"start":{"line":130,"column":16},"end":{"line":130,"column":34}},"loc":{"start":{"line":130,"column":65},"end":{"line":137,"column":null}},"line":130},"11":{"name":"get_status_summary","decl":{"start":{"line":143,"column":16},"end":{"line":143,"column":35}},"loc":{"start":{"line":143,"column":65},"end":{"line":153,"column":null}},"line":143},"12":{"name":"is_branch_merged_into","decl":{"start":{"line":159,"column":16},"end":{"line":159,"column":38}},"loc":{"start":{"line":159,"column":101},"end":{"line":174,"column":null}},"line":159},"13":{"name":"(anonymous_13)","decl":{"start":{"line":168,"column":46},"end":{"line":168,"column":51}},"loc":{"start":{"line":168,"column":65},"end":{"line":168,"column":97}},"line":168},"14":{"name":"delete_branch","decl":{"start":{"line":180,"column":16},"end":{"line":180,"column":30}},"loc":{"start":{"line":180,"column":79},"end":{"line":181,"column":null}},"line":180},"15":{"name":"list_branches_by_prefix","decl":{"start":{"line":187,"column":16},"end":{"line":187,"column":40}},"loc":{"start":{"line":187,"column":84},"end":{"line":195,"column":null}},"line":187},"16":{"name":"(anonymous_16)","decl":{"start":{"line":192,"column":13},"end":{"line":192,"column":18}},"loc":{"start":{"line":192,"column":32},"end":{"line":192,"column":64}},"line":192},"17":{"name":"git_available","decl":{"start":{"line":202,"column":9},"end":{"line":202,"column":25}},"loc":{"start":{"line":202,"column":25},"end":{"line":204,"column":null}},"line":202},"18":{"name":"worktree_sync","decl":{"start":{"line":211,"column":16},"end":{"line":211,"column":30}},"loc":{"start":{"line":211,"column":81},"end":{"line":217,"column":null}},"line":211}},"branchMap":{"0":{"loc":{"start":{"line":17,"column":29},"end":{"line":17,"column":56}},"type":"default-arg","locations":[{"start":{"line":17,"column":54},"end":{"line":17,"column":56}}],"line":17},"1":{"loc":{"start":{"line":22,"column":4},"end":{"line":22,"column":null}},"type":"if","locations":[{"start":{"line":22,"column":4},"end":{"line":22,"column":null}},{"start":{},"end":{}}],"line":22},"2":{"loc":{"start":{"line":23,"column":4},"end":{"line":24,"column":null}},"type":"if","locations":[{"start":{"line":23,"column":4},"end":{"line":24,"column":null}},{"start":{},"end":{}}],"line":23},"3":{"loc":{"start":{"line":24,"column":18},"end":{"line":24,"column":80}},"type":"binary-expr","locations":[{"start":{"line":24,"column":18},"end":{"line":24,"column":52}},{"start":{"line":24,"column":56},"end":{"line":24,"column":80}}],"line":24},"4":{"loc":{"start":{"line":24,"column":25},"end":{"line":24,"column":46}},"type":"binary-expr","locations":[{"start":{"line":24,"column":25},"end":{"line":24,"column":42}},{"start":{"line":24,"column":42},"end":{"line":24,"column":46}}],"line":24},"5":{"loc":{"start":{"line":26,"column":12},"end":{"line":26,"column":33}},"type":"binary-expr","locations":[{"start":{"line":26,"column":12},"end":{"line":26,"column":29}},{"start":{"line":26,"column":29},"end":{"line":26,"column":33}}],"line":26},"6":{"loc":{"start":{"line":33,"column":4},"end":{"line":34,"column":null}},"type":"if","locations":[{"start":{"line":33,"column":4},"end":{"line":34,"column":null}},{"start":{},"end":{}}],"line":33},"7":{"loc":{"start":{"line":63,"column":8},"end":{"line":71,"column":null}},"type":"if","locations":[{"start":{"line":63,"column":8},"end":{"line":71,"column":null}},{"start":{"line":66,"column":19},"end":{"line":71,"column":null}}],"line":63},"8":{"loc":{"start":{"line":64,"column":12},"end":{"line":64,"column":null}},"type":"if","locations":[{"start":{"line":64,"column":12},"end":{"line":64,"column":null}},{"start":{},"end":{}}],"line":64},"9":{"loc":{"start":{"line":66,"column":19},"end":{"line":71,"column":null}},"type":"if","locations":[{"start":{"line":66,"column":19},"end":{"line":71,"column":null}},{"start":{"line":68,"column":19},"end":{"line":71,"column":null}}],"line":66},"10":{"loc":{"start":{"line":66,"column":19},"end":{"line":66,"column":56}},"type":"binary-expr","locations":[{"start":{"line":66,"column":19},"end":{"line":66,"column":43}},{"start":{"line":66,"column":47},"end":{"line":66,"column":56}}],"line":66},"11":{"loc":{"start":{"line":68,"column":19},"end":{"line":71,"column":null}},"type":"if","locations":[{"start":{"line":68,"column":19},"end":{"line":71,"column":null}},{"start":{"line":70,"column":19},"end":{"line":71,"column":null}}],"line":68},"12":{"loc":{"start":{"line":68,"column":19},"end":{"line":68,"column":58}},"type":"binary-expr","locations":[{"start":{"line":68,"column":19},"end":{"line":68,"column":45}},{"start":{"line":68,"column":49},"end":{"line":68,"column":58}}],"line":68},"13":{"loc":{"start":{"line":70,"column":19},"end":{"line":71,"column":null}},"type":"if","locations":[{"start":{"line":70,"column":19},"end":{"line":71,"column":null}},{"start":{},"end":{}}],"line":70},"14":{"loc":{"start":{"line":70,"column":19},"end":{"line":70,"column":47}},"type":"binary-expr","locations":[{"start":{"line":70,"column":19},"end":{"line":70,"column":38}},{"start":{"line":70,"column":38},"end":{"line":70,"column":47}}],"line":70},"15":{"loc":{"start":{"line":74,"column":4},"end":{"line":74,"column":null}},"type":"if","locations":[{"start":{"line":74,"column":4},"end":{"line":74,"column":null}},{"start":{},"end":{}}],"line":74},"16":{"loc":{"start":{"line":95,"column":11},"end":{"line":95,"column":null}},"type":"cond-expr","locations":[{"start":{"line":95,"column":19},"end":{"line":95,"column":32}},{"start":{"line":95,"column":32},"end":{"line":95,"column":null}}],"line":95},"17":{"loc":{"start":{"line":103,"column":4},"end":{"line":106,"column":null}},"type":"if","locations":[{"start":{"line":103,"column":4},"end":{"line":106,"column":null}},{"start":{"line":105,"column":11},"end":{"line":106,"column":null}}],"line":103},"18":{"loc":{"start":{"line":115,"column":4},"end":{"line":115,"column":null}},"type":"if","locations":[{"start":{"line":115,"column":4},"end":{"line":115,"column":null}},{"start":{},"end":{}}],"line":115},"19":{"loc":{"start":{"line":131,"column":4},"end":{"line":131,"column":null}},"type":"if","locations":[{"start":{"line":131,"column":4},"end":{"line":131,"column":null}},{"start":{},"end":{}}],"line":131},"20":{"loc":{"start":{"line":136,"column":4},"end":{"line":136,"column":null}},"type":"if","locations":[{"start":{"line":136,"column":4},"end":{"line":136,"column":null}},{"start":{},"end":{}}],"line":136},"21":{"loc":{"start":{"line":137,"column":12},"end":{"line":137,"column":33}},"type":"binary-expr","locations":[{"start":{"line":137,"column":12},"end":{"line":137,"column":29}},{"start":{"line":137,"column":29},"end":{"line":137,"column":33}}],"line":137},"22":{"loc":{"start":{"line":144,"column":4},"end":{"line":144,"column":null}},"type":"if","locations":[{"start":{"line":144,"column":4},"end":{"line":144,"column":null}},{"start":{},"end":{}}],"line":144},"23":{"loc":{"start":{"line":149,"column":4},"end":{"line":149,"column":null}},"type":"if","locations":[{"start":{"line":149,"column":4},"end":{"line":149,"column":null}},{"start":{},"end":{}}],"line":149},"24":{"loc":{"start":{"line":150,"column":19},"end":{"line":150,"column":40}},"type":"binary-expr","locations":[{"start":{"line":150,"column":19},"end":{"line":150,"column":36}},{"start":{"line":150,"column":36},"end":{"line":150,"column":40}}],"line":150},"25":{"loc":{"start":{"line":151,"column":4},"end":{"line":151,"column":null}},"type":"if","locations":[{"start":{"line":151,"column":4},"end":{"line":151,"column":null}},{"start":{},"end":{}}],"line":151},"26":{"loc":{"start":{"line":153,"column":44},"end":{"line":153,"column":67}},"type":"cond-expr","locations":[{"start":{"line":153,"column":58},"end":{"line":153,"column":64}},{"start":{"line":153,"column":64},"end":{"line":153,"column":67}}],"line":153},"27":{"loc":{"start":{"line":165,"column":12},"end":{"line":165,"column":null}},"type":"if","locations":[{"start":{"line":165,"column":12},"end":{"line":165,"column":null}},{"start":{},"end":{}}],"line":165},"28":{"loc":{"start":{"line":169,"column":12},"end":{"line":169,"column":null}},"type":"if","locations":[{"start":{"line":169,"column":12},"end":{"line":169,"column":null}},{"start":{},"end":{}}],"line":169},"29":{"loc":{"start":{"line":180,"column":64},"end":{"line":180,"column":79}},"type":"default-arg","locations":[{"start":{"line":180,"column":72},"end":{"line":180,"column":79}}],"line":180},"30":{"loc":{"start":{"line":181,"column":19},"end":{"line":181,"column":40}},"type":"cond-expr","locations":[{"start":{"line":181,"column":27},"end":{"line":181,"column":34}},{"start":{"line":181,"column":34},"end":{"line":181,"column":40}}],"line":181}},"s":{"0":19,"1":19,"2":0,"3":19,"4":1,"5":18,"6":0,"7":0,"8":0,"9":0,"10":0,"11":2,"12":4,"13":4,"14":1,"15":3,"16":3,"17":3,"18":21,"19":6,"20":3,"21":6,"22":15,"23":6,"24":9,"25":5,"26":4,"27":1,"28":3,"29":3,"30":3,"31":4,"32":4,"33":2,"34":2,"35":3,"36":2,"37":2,"38":2,"39":1,"40":1,"41":2,"42":2,"43":1,"44":2,"45":2,"46":1,"47":3,"48":1,"49":2,"50":2,"51":0,"52":2,"53":4,"54":1,"55":3,"56":3,"57":0,"58":3,"59":4,"60":1,"61":2,"62":2,"63":2,"64":2,"65":3,"66":3,"67":3,"68":0,"69":3,"70":3,"71":4,"72":3,"73":1,"74":1,"75":2,"76":2,"77":2,"78":2,"79":4,"80":0,"81":0,"82":0,"83":2,"84":2},"f":{"0":19,"1":0,"2":2,"3":4,"4":4,"5":2,"6":3,"7":2,"8":2,"9":1,"10":3,"11":4,"12":2,"13":4,"14":2,"15":2,"16":4,"17":0,"18":2},"b":{"0":[19],"1":[0,19],"2":[1,18],"3":[1,0],"4":[1,0],"5":[18,8],"6":[0,0],"7":[6,15],"8":[3,3],"9":[6,9],"10":[15,6],"11":[5,4],"12":[9,5],"13":[1,3],"14":[4,1],"15":[3,0],"16":[1,1],"17":[1,1],"18":[1,1],"19":[1,2],"20":[0,2],"21":[2,1],"22":[1,3],"23":[0,3],"24":[3,1],"25":[1,3],"26":[1,1],"27":[0,3],"28":[1,2],"29":[2],"30":[1,1]},"meta":{"lastBranch":31,"lastFunction":19,"lastStatement":85,"seen":{"f:17:9:17:13":0,"b:17:54:17:56":0,"s:18:10:21:6":0,"b:22:4:22:Infinity:undefined:undefined:undefined:undefined":1,"s:22:4:22:Infinity":1,"s:22:22:22:Infinity":2,"b:23:4:24:Infinity:undefined:undefined:undefined:undefined":2,"s:23:4:24:Infinity":3,"s:24:8:24:Infinity":4,"b:24:18:24:52:24:56:24:80":3,"b:24:25:24:42:24:42:24:46":4,"s:26:4:26:Infinity":5,"b:26:12:26:29:26:29:26:33":5,"f:32:16:32:40":1,"b:33:4:34:Infinity:undefined:undefined:undefined:undefined":6,"s:33:4:34:Infinity":6,"s:34:8:34:Infinity":7,"s:36:4:39:Infinity":8,"s:37:8:37:Infinity":9,"s:39:8:39:Infinity":10,"f:46:16:46:30":2,"s:47:4:47:Infinity":11,"f:53:16:53:30":3,"s:55:4:58:Infinity":12,"s:56:8:56:Infinity":13,"s:58:8:58:Infinity":14,"s:60:38:60:40":15,"s:61:39:61:Infinity":16,"s:62:4:71:Infinity":17,"b:63:8:71:Infinity:66:19:71:Infinity":7,"s:63:8:71:Infinity":18,"b:64:12:64:Infinity:undefined:undefined:undefined:undefined":8,"s:64:12:64:Infinity":19,"s:64:25:64:Infinity":20,"s:65:12:65:Infinity":21,"b:66:19:71:Infinity:68:19:71:Infinity":9,"s:66:19:71:Infinity":22,"b:66:19:66:43:66:47:66:56":10,"s:67:12:67:Infinity":23,"b:68:19:71:Infinity:70:19:71:Infinity":11,"s:68:19:71:Infinity":24,"b:68:19:68:45:68:49:68:58":12,"s:69:12:69:Infinity":25,"b:70:19:71:Infinity:undefined:undefined:undefined:undefined":13,"s:70:19:71:Infinity":26,"b:70:19:70:38:70:38:70:47":14,"s:71:12:71:Infinity":27,"b:74:4:74:Infinity:undefined:undefined:undefined:undefined":15,"s:74:4:74:Infinity":28,"s:74:17:74:Infinity":29,"s:75:4:75:Infinity":30,"f:81:16:81:30":4,"s:82:10:85:6":31,"s:86:4:86:Infinity":32,"f:92:16:92:41":5,"s:93:17:93:40":33,"s:94:18:94:55":34,"f:94:23:94:29":6,"s:94:35:94:55":35,"s:95:4:95:Infinity":36,"b:95:19:95:32:95:32:95:Infinity":16,"f:101:16:101:32":7,"s:102:19:102:50":37,"b:103:4:106:Infinity:105:11:106:Infinity":17,"s:103:4:106:Infinity":38,"s:104:8:104:Infinity":39,"s:106:8:106:Infinity":40,"f:113:16:113:32":8,"s:114:17:114:39":41,"b:115:4:115:Infinity:undefined:undefined:undefined:undefined":18,"s:115:4:115:Infinity":42,"s:115:15:115:Infinity":43,"s:116:4:116:Infinity":44,"s:117:4:117:Infinity":45,"f:123:16:123:31":9,"s:124:4:124:Infinity":46,"f:130:16:130:34":10,"b:131:4:131:Infinity:undefined:undefined:undefined:undefined":19,"s:131:4:131:Infinity":47,"s:131:35:131:Infinity":48,"s:132:10:135:6":49,"b:136:4:136:Infinity:undefined:undefined:undefined:undefined":20,"s:136:4:136:Infinity":50,"s:136:29:136:Infinity":51,"s:137:4:137:Infinity":52,"b:137:12:137:29:137:29:137:33":21,"f:143:16:143:35":11,"b:144:4:144:Infinity:undefined:undefined:undefined:undefined":22,"s:144:4:144:Infinity":53,"s:144:35:144:Infinity":54,"s:145:10:148:6":55,"b:149:4:149:Infinity:undefined:undefined:undefined:undefined":23,"s:149:4:149:Infinity":56,"s:149:29:149:Infinity":57,"s:150:10:150:46":58,"b:150:19:150:36:150:36:150:40":24,"b:151:4:151:Infinity:undefined:undefined:undefined:undefined":25,"s:151:4:151:Infinity":59,"s:151:16:151:Infinity":60,"s:152:18:152:Infinity":61,"s:153:4:153:Infinity":62,"b:153:58:153:64:153:64:153:67":26,"f:159:16:159:38":12,"s:160:17:160:53":63,"s:161:4:170:Infinity":64,"s:162:8:170:Infinity":65,"s:164:32:164:114":66,"b:165:12:165:Infinity:undefined:undefined:undefined:undefined":27,"s:165:12:165:Infinity":67,"s:165:35:165:Infinity":68,"s:167:27:167:78":69,"s:168:27:168:98":70,"f:168:46:168:51":13,"s:168:65:168:97":71,"b:169:12:169:Infinity:undefined:undefined:undefined:undefined":28,"s:169:12:169:Infinity":72,"s:169:41:169:Infinity":73,"s:174:4:174:Infinity":74,"f:180:16:180:30":14,"b:180:72:180:79":29,"s:181:4:181:Infinity":75,"b:181:27:181:34:181:34:181:40":30,"f:187:16:187:40":15,"s:188:4:195:Infinity":76,"s:189:23:189:81":77,"s:190:8:193:Infinity":78,"f:192:13:192:18":16,"s:192:32:192:64":79,"s:195:8:195:Infinity":80,"f:202:9:202:25":17,"s:203:10:203:67":81,"s:204:4:204:Infinity":82,"f:211:16:211:30":18,"s:212:10:216:6":83,"s:217:4:217:Infinity":84}}}
}
